#
# A fatal error has been detected by the Java Runtime Environment:
#
#  EXCEPTION_ACCESS_VIOLATION (0xc0000005) at pc=0x0000019efa46ada4, pid=27196, tid=32000
#
# JRE version: OpenJDK Runtime Environment Temurin-21.0.3+9 (21.0.3+9) (build 21.0.3+9-LTS)
# Java VM: OpenJDK 64-Bit Server VM Temurin-21.0.3+9 (21.0.3+9-LTS, mixed mode, emulated-client, tiered, compressed oops, compressed class ptrs, g1 gc, windows-amd64)
# Problematic frame:
# v  ~BufferBlob::MethodHandles adapters 0x0000019efa46ada4
#
# No core dump will be written. Minidumps are not enabled by default on client versions of Windows
#
# If you would like to submit a bug report, please visit:
#   https://github.com/adoptium/adoptium-support/issues
#

---------------  S U M M A R Y ------------

Command Line: -XX:+ShowCodeDetailsInExceptionMessages -agentlib:jdwp=transport=dt_socket,suspend=y,address=localhost:49564 -Dcom.sun.management.jmxremote -Dcom.sun.management.jmxremote.port=49563 -Dcom.sun.management.jmxremote.authenticate=false -Dcom.sun.management.jmxremote.ssl=false -Djava.rmi.server.hostname=localhost -Dspring.jmx.enabled=true -Dmanagement.endpoints.jmx.exposure.include=* -Dspring.application.admin.enabled=true -XX:TieredStopAtLevel=1 -Dspring.boot.project.name=LIMS_BACKEND -javaagent:D:\sts-4.24.0.RELEASE\configuration\org.eclipse.osgi\270\0\.cp\lib\javaagent-shaded.jar -Dfile.encoding=UTF-8 -Dstdout.encoding=UTF-8 -Dstderr.encoding=UTF-8 com.app.LIMS.LimsApplication --spring.output.ansi.enabled=always

Host: 11th Gen Intel(R) Core(TM) i5-11400 @ 2.60GHz, 12 cores, 15G,  Windows 11 , 64 bit Build 22621 (10.0.22621.3672)
Time: Fri Jun 27 14:41:26 2025 India Standard Time elapsed time: 282.561564 seconds (0d 0h 4m 42s)

---------------  T H R E A D  ---------------

Current thread (0x0000019e8e1dccf0):  JavaThread "http-nio-8181-exec-1" daemon [_thread_in_Java, id=32000, stack(0x0000007bb2b00000,0x0000007bb2c00000) (1024K)]

Stack: [0x0000007bb2b00000,0x0000007bb2c00000],  sp=0x0000007bb2bfafb8,  free space=1003k
Native frames: (J=compiled Java code, j=interpreted, Vv=VM code, C=native code)
C  0x0000019efa46ada4

The last pc belongs to _linkToVirtual (printed below).

siginfo: EXCEPTION_ACCESS_VIOLATION (0xc0000005), reading address 0x00000008863e7092


Registers:
RAX=0x0000019efa43958b, RBX=0x000000070abdd5f0, RCX=0x0000007bb2bfafc0, RDX=0x0000000000000002
RSP=0x0000007bb2bfafb8, RBP=0x0000007bb2bfb008, RSI=0x0000019e8af62548, RDI=0x0000019e8b1b6ac0
R8 =0x0000000000000004, R9 =0x0000000000000004, R10=0x00000008863e6ec2, R11=0x0000000000000001
R12=0x0000000000000000, R13=0x0000007bb2bfafb8, R14=0x0000007bb2bfb028, R15=0x0000019e8e1dccf0
RIP=0x0000019efa46ada4, EFLAGS=0x0000000000010202


Register to memory mapping:

RAX=0x0000019efa43958b is at code_begin+4363 in an Interpreter codelet
return entry points  [0x0000019efa438480, 0x0000019efa43a298]  7704 bytes
RBX=0x000000070abdd5f0 is an oop: com.app.LIMS.master.Controller.LabController 
{0x000000070abdd5f0} - klass: 'com/app/LIMS/master/Controller/LabController'
 - ---- fields (total size 2 words):
 - private 'labService' 'Lcom/app/LIMS/master/service/LabService;' @12  a 'com/app/LIMS/master/service/LabService'{0x000000070abe1630} (0xe157c2c6)
RCX=0x0000007bb2bfafc0 is pointing into the stack for thread: 0x0000019e8e1dccf0
RDX=0x0000000000000002 is an unknown value
RSP=0x0000007bb2bfafb8 is pointing into the stack for thread: 0x0000019e8e1dccf0
RBP=0x0000007bb2bfb008 is pointing into the stack for thread: 0x0000019e8e1dccf0
RSI=0x0000019e8af62548 points into unknown readable memory: 0x80001a005e7b4a72 | 72 4a 7b 5e 00 1a 00 80
RDI=0x0000019e8b1b6ac0 points into unknown readable memory: 0x0000001800000060 | 60 00 00 00 18 00 00 00
R8 =0x0000000000000004 is an unknown value
R9 =0x0000000000000004 is an unknown value
R10=0x00000008863e6ec2 is an unknown value
R11=0x0000000000000001 is an unknown value
R12=0x0 is null
R13=0x0000007bb2bfafb8 is pointing into the stack for thread: 0x0000019e8e1dccf0
R14=0x0000007bb2bfb028 is pointing into the stack for thread: 0x0000019e8e1dccf0
R15=0x0000019e8e1dccf0 is a thread

Top of Stack: (sp=0x0000007bb2bfafb8)
0x0000007bb2bfafb8:   0000019efa43958b 0000007bb2bfafc0
0x0000007bb2bfafc8:   0000019e863e6ec2 0000000000000004
0x0000007bb2bfafd8:   0000019e863eb150 0000000703d7b9f8
0x0000007bb2bfafe8:   0000000703d91ac0 0000019e863e6ed0
0x0000007bb2bfaff8:   0000007bb2bfafb8 0000007bb2bfb030
0x0000007bb2bfb008:   0000007bb2bfb330 0000019efabea530
0x0000007bb2bfb018:   000000070abefc98 000000070abdd5f0
0x0000007bb2bfb028:   000000070abefe00 0000007bb2bfcf80
0x0000007bb2bfb038:   0000007bb2bfcf84 0000000705a00888
0x0000007bb2bfb048:   000000070abeffd0 000000070abdd5f0
0x0000007bb2bfb058:   000000070abeff80 000000070abefe00
0x0000007bb2bfb068:   000000070abdd5f0 0000019efabea46c
0x0000007bb2bfb078:   0000000000000000 0000007bb2bfb330
0x0000007bb2bfb088:   0000019efadf7a32 0000000705a00888
0x0000007bb2bfb098:   000000070abefff8 000000070abeffd0
0x0000007bb2bfb0a8:   0000019e00000001 0000000705a00888
0x0000007bb2bfb0b8:   00000007054a6a48 00000007072b9b10
0x0000007bb2bfb0c8:   0000000000000020 0000007bb2bfb330
0x0000007bb2bfb0d8:   0000019efa886bec 0000019e00000000
0x0000007bb2bfb0e8:   0000019ef45524c0 0000007bb2bfb330
0x0000007bb2bfb0f8:   0000019efb320ff4 0000000000000000
0x0000007bb2bfb108:   0000000000000000 0000000000000000
0x0000007bb2bfb118:   0000000000000000 0000000000000000
0x0000007bb2bfb128:   0000000000000000 0000000000000000
0x0000007bb2bfb138:   0000000000000000 000000070abefff8
0x0000007bb2bfb148:   00000007054fab68 000000070abdd5f0
0x0000007bb2bfb158:   0000000703d90e20 0000000707263688
0x0000007bb2bfb168:   0000000700000000 0000000000000000
0x0000007bb2bfb178:   000000070abefff8 0000007bb2bfb330
0x0000007bb2bfb188:   0000019efb319e99 0000000707263688
0x0000007bb2bfb198:   0000000000000000 000000070abeffd0
0x0000007bb2bfb1a8:   0000019efa88355c 0000000000000000 

Instructions: (pc=0x0000019efa46ada4)
0x0000019efa46aca4:   9e 01 00 00 00 ad 46 fa 9e 01 00 00 80 bd 46 fa
0x0000019efa46acb4:   9e 01 00 00 f0 ac 46 fa 9e 01 00 00 f0 ac 46 fa
0x0000019efa46acc4:   9e 01 00 00 00 00 00 00 00 00 00 00 d8 e6 c9 97
0x0000019efa46acd4:   fe 7f 00 00 f0 10 00 00 60 00 00 00 ff ff ff ff
0x0000019efa46ace4:   f0 10 00 00 00 00 00 00 00 00 00 00 00 00 00 00
0x0000019efa46acf4:   00 00 00 00 00 00 00 00 00 00 00 00 f4 66 66 66
0x0000019efa46ad04:   0f 1f 84 00 00 00 00 00 66 66 66 90 66 66 66 0f
0x0000019efa46ad14:   1f 84 00 00 00 00 00 66 66 66 90 90 48 8b 53 08
0x0000019efa46ad24:   0f b7 52 2e 48 8b 0c d4 8b 59 14 48 c1 e3 03 8b
0x0000019efa46ad34:   5b 28 48 c1 e3 03 8b 5b 24 48 c1 e3 03 48 8b 5b
0x0000019efa46ad44:   10 48 85 db 0f 84 10 00 00 00 41 80 bf e0 05 00
0x0000019efa46ad54:   00 00 74 03 ff 63 38 ff 63 50 e9 9d 16 00 00 66
0x0000019efa46ad64:   66 66 0f 1f 84 00 00 00 00 00 66 66 66 90 66 66
0x0000019efa46ad74:   0f 1f 84 00 00 00 00 00 66 66 66 90 48 8b 53 08
0x0000019efa46ad84:   0f b7 52 2e 48 8b 0c d4 58 5b 50 44 8b 51 08 49
0x0000019efa46ad94:   bb 00 00 00 00 08 00 00 00 4d 03 d3 4c 8b 5b 10
0x0000019efa46ada4:   4b 8b 9c da c8 01 00 00 48 85 db 0f 84 10 00 00
0x0000019efa46adb4:   00 41 80 bf e0 05 00 00 00 74 03 ff 63 38 ff 63
0x0000019efa46adc4:   50 e9 36 16 00 00 66 66 66 0f 1f 84 00 00 00 00
0x0000019efa46add4:   00 66 66 66 90 0f 1f 80 00 00 00 00 58 5b 50 8b
0x0000019efa46ade4:   5b 24 48 c1 e3 03 48 8b 5b 10 48 85 db 0f 84 10
0x0000019efa46adf4:   00 00 00 41 80 bf e0 05 00 00 00 74 03 ff 63 38
0x0000019efa46ae04:   ff 63 50 e9 f4 15 00 00 66 66 66 0f 1f 84 00 00
0x0000019efa46ae14:   00 00 00 66 66 66 90 0f 1f 44 00 00 48 8b 53 08
0x0000019efa46ae24:   0f b7 52 2e 48 8b 0c d4 58 5b 50 48 3b 01 8b 5b
0x0000019efa46ae34:   24 48 c1 e3 03 48 8b 5b 10 48 85 db 0f 84 10 00
0x0000019efa46ae44:   00 00 41 80 bf e0 05 00 00 00 74 03 ff 63 38 ff
0x0000019efa46ae54:   63 50 e9 a5 15 00 00 0f 1f 44 00 00 48 8b 53 08
0x0000019efa46ae64:   0f b7 52 2e 48 8b 0c d4 58 5b 50 44 8b 51 08 49
0x0000019efa46ae74:   bb 00 00 00 00 08 00 00 00 4d 03 d3 8b 43 18 48
0x0000019efa46ae84:   c1 e0 03 48 8b 40 10 48 8b 5b 10 45 8b 9a a0 00
0x0000019efa46ae94:   00 00 4f 8d 9c da c8 01 00 00 4d 8d 14 da 49 8b 


Stack slot to memory mapping:

stack at sp + 0 slots: 0x0000019efa43958b is at code_begin+4363 in an Interpreter codelet
return entry points  [0x0000019efa438480, 0x0000019efa43a298]  7704 bytes
stack at sp + 1 slots: 0x0000007bb2bfafc0 is pointing into the stack for thread: 0x0000019e8e1dccf0
stack at sp + 2 slots: 0x0000019e863e6ec2 is pointing into metadata
stack at sp + 3 slots: 0x0000000000000004 is an unknown value
stack at sp + 4 slots: 0x0000019e863eb150 is pointing into metadata
stack at sp + 5 slots: 0x0000000703d7b9f8 is an oop: jdk.internal.misc.Unsafe 
{0x0000000703d7b9f8} - klass: 'jdk/internal/misc/Unsafe'
 - ---- fields (total size 2 words):
stack at sp + 6 slots: 0x0000000703d91ac0 is an oop: java.lang.Class 
{0x0000000703d91ac0} - klass: 'java/lang/Class'
 - ---- fields (total size 14 words):
 - private volatile transient 'classRedefinedCount' 'I' @12  0 (0x00000000)
 - injected 'klass' 'J' @16  34359945312 (0x0000000800032860)
 - injected 'array_klass' 'J' @24  0 (0x0000000000000000)
 - injected 'oop_size' 'I' @32  14 (0x0000000e)
 - injected 'static_oop_field_count' 'I' @36  0 (0x00000000)
 - private volatile transient 'cachedConstructor' 'Ljava/lang/reflect/Constructor;' @40  null (0x00000000)
 - private transient 'name' 'Ljava/lang/String;' @44  null (0x00000000)
 - private transient 'module' 'Ljava/lang/Module;' @48  a 'java/lang/Module'{0x0000000703d9a180} (0xe07b3430)
 - private final 'classLoader' 'Ljava/lang/ClassLoader;' @52  null (0x00000000)
 - private transient 'classData' 'Ljava/lang/Object;' @56  null (0x00000000)
 - private transient 'packageName' 'Ljava/lang/String;' @60  null (0x00000000)
 - private final 'componentType' 'Ljava/lang/Class;' @64  null (0x00000000)
 - private volatile transient 'reflectionData' 'Ljava/lang/ref/SoftReference;' @68  null (0x00000000)
 - private volatile transient 'genericInfo' 'Lsun/reflect/generics/repository/ClassRepository;' @72  null (0x00000000)
 - private volatile transient 'enumConstants' '[Ljava/lang/Object;' @76  null (0x00000000)
 - private volatile transient 'enumConstantDirectory' 'Ljava/util/Map;' @80  null (0x00000000)
 - private volatile transient 'annotationData' 'Ljava/lang/Class$AnnotationData;' @84  null (0x00000000)
 - private volatile transient 'annotationType' 'Lsun/reflect/annotation/AnnotationType;' @88  null (0x00000000)
 - transient 'classValueMap' 'Ljava/lang/ClassValue$ClassValueMap;' @92  null (0x00000000)
 - injected 'protection_domain' 'Ljava/lang/Object;' @96  null (0x00000000)
 - injected 'signers_name' 'Ljava/lang/Object;' @100  null (0x00000000)
 - injected 'source_file' 'Ljava/lang/Object;' @104  null (0x00000000)
 - signature: Ljava/lang/invoke/DirectMethodHandle$Holder;
 - ---- static fields (0):
stack at sp + 7 slots: {method} {0x0000019e863e6ed8} 'invokeVirtual' '(Ljava/lang/Object;Ljava/lang/Object;)Ljava/lang/Object;' in 'java/lang/invoke/DirectMethodHandle$Holder'

MethodHandle::interpreter_entry::_linkToVirtual [0x0000019efa46ad63, 0x0000019efa46adca] (103 bytes)
[MachCode]
  0x0000019efa46ad63: 6666 660f | 1f84 0000 | 0000 0066 | 6666 9066 | 660f 1f84 | 0000 0000 | 0066 6666 | 9048 8b53 
  0x0000019efa46ad83: 080f b752 | 2e48 8b0c | d458 5b50 | 448b 5108 | 49bb 0000 | 0000 0800 | 0000 4d03 | d34c 8b5b 
  0x0000019efa46ada3: 104b 8b9c | dac8 0100 | 0048 85db | 0f84 1000 | 0000 4180 | bfe0 0500 | 0000 7403 | ff63 38ff 
  0x0000019efa46adc3: 6350 e936 | 
[/MachCode]

---------------  P R O C E S S  ---------------

Threads class SMR info:
_java_thread_list=0x0000019e935449a0, length=38, elements={
0x0000019e8a0aa230, 0x0000019e8a0acf60, 0x0000019e8a0bfcc0, 0x0000019e8a087440,
0x0000019e8a087ea0, 0x0000019e8a089910, 0x0000019e8a08d870, 0x0000019eff3a9c30,
0x0000019e8a327a70, 0x0000019e8a32e020, 0x0000019e8a3306b0, 0x0000019e8ac7ce10,
0x0000019e8afbf6c0, 0x0000019e8afcbd10, 0x0000019e8b03cf90, 0x0000019e8b57ff20,
0x0000019e8b599a50, 0x0000019e8b5750d0, 0x0000019e8ccca060, 0x0000019e8cccef20,
0x0000019e8e1d91e0, 0x0000019e8e1dbfd0, 0x0000019e8e1d9870, 0x0000019e8e1dfae0,
0x0000019e8e1dc660, 0x0000019e8e1da590, 0x0000019e8e1dccf0, 0x0000019e8e1d8b50,
0x0000019e8e1d9f00, 0x0000019e8e1dac20, 0x0000019e8e1db2b0, 0x0000019e8e1dd380,
0x0000019e8e1dda10, 0x0000019e8e1db940, 0x0000019e8cccc7c0, 0x0000019e8cccfc40,
0x0000019e8cccb410, 0x0000019e8ccd02d0
}

Java Threads: ( => current thread )
  0x0000019e8a0aa230 JavaThread "Reference Handler"          daemon [_thread_blocked, id=32044, stack(0x0000007bb0700000,0x0000007bb0800000) (1024K)]
  0x0000019e8a0acf60 JavaThread "Finalizer"                  daemon [_thread_blocked, id=19172, stack(0x0000007bb0800000,0x0000007bb0900000) (1024K)]
  0x0000019e8a0bfcc0 JavaThread "Signal Dispatcher"          daemon [_thread_blocked, id=22940, stack(0x0000007bb0900000,0x0000007bb0a00000) (1024K)]
  0x0000019e8a087440 JavaThread "Attach Listener"            daemon [_thread_blocked, id=1604, stack(0x0000007bb0a00000,0x0000007bb0b00000) (1024K)]
  0x0000019e8a087ea0 JavaThread "Service Thread"             daemon [_thread_blocked, id=30312, stack(0x0000007bb0b00000,0x0000007bb0c00000) (1024K)]
  0x0000019e8a089910 JavaThread "Monitor Deflation Thread"   daemon [_thread_blocked, id=25152, stack(0x0000007bb0c00000,0x0000007bb0d00000) (1024K)]
  0x0000019e8a08d870 JavaThread "C1 CompilerThread0"         daemon [_thread_blocked, id=31948, stack(0x0000007bb0d00000,0x0000007bb0e00000) (1024K)]
  0x0000019eff3a9c30 JavaThread "Common-Cleaner"             daemon [_thread_blocked, id=20292, stack(0x0000007bb0e00000,0x0000007bb0f00000) (1024K)]
  0x0000019e8a327a70 JavaThread "JDWP Transport Listener: dt_socket" daemon [_thread_blocked, id=13456, stack(0x0000007bb1200000,0x0000007bb1300000) (1024K)]
  0x0000019e8a32e020 JavaThread "JDWP Event Helper Thread"   daemon [_thread_blocked, id=31212, stack(0x0000007bb1300000,0x0000007bb1400000) (1024K)]
  0x0000019e8a3306b0 JavaThread "JDWP Command Reader"        daemon [_thread_in_native, id=17688, stack(0x0000007bb1400000,0x0000007bb1500000) (1024K)]
  0x0000019e8ac7ce10 JavaThread "Notification Thread"        daemon [_thread_blocked, id=324, stack(0x0000007bb1500000,0x0000007bb1600000) (1024K)]
  0x0000019e8afbf6c0 JavaThread "RMI TCP Accept-0"           daemon [_thread_in_native, id=26080, stack(0x0000007bb1e00000,0x0000007bb1f00000) (1024K)]
  0x0000019e8afcbd10 JavaThread "RMI TCP Accept-49563"       daemon [_thread_in_native, id=12412, stack(0x0000007bb1f00000,0x0000007bb2000000) (1024K)]
  0x0000019e8b03cf90 JavaThread "RMI TCP Accept-0"           daemon [_thread_in_native, id=14288, stack(0x0000007bb2000000,0x0000007bb2100000) (1024K)]
  0x0000019e8b57ff20 JavaThread "RMI Scheduler(0)"           daemon [_thread_blocked, id=18208, stack(0x0000007bb2300000,0x0000007bb2400000) (1024K)]
  0x0000019e8b599a50 JavaThread "RMI TCP Connection(idle)"   daemon [_thread_blocked, id=24380, stack(0x0000007bb2400000,0x0000007bb2500000) (1024K)]
  0x0000019e8b5750d0 JavaThread "JMX server connection timeout 43" daemon [_thread_blocked, id=16344, stack(0x0000007bb2700000,0x0000007bb2800000) (1024K)]
  0x0000019e8ccca060 JavaThread "mysql-cj-abandoned-connection-cleanup" daemon [_thread_blocked, id=23036, stack(0x0000007bb2d00000,0x0000007bb2e00000) (1024K)]
  0x0000019e8cccef20 JavaThread "Live Reload Server"         daemon [_thread_in_native, id=31772, stack(0x0000007bb3e00000,0x0000007bb3f00000) (1024K)]
  0x0000019e8e1d91e0 JavaThread "DestroyJavaVM"                     [_thread_blocked, id=32644, stack(0x0000007baff00000,0x0000007bb0000000) (1024K)]
  0x0000019e8e1dbfd0 JavaThread "Catalina-utility-1"                [_thread_blocked, id=15012, stack(0x0000007bb0f00000,0x0000007bb1000000) (1024K)]
  0x0000019e8e1d9870 JavaThread "Catalina-utility-2"                [_thread_blocked, id=29852, stack(0x0000007bb1000000,0x0000007bb1100000) (1024K)]
  0x0000019e8e1dfae0 JavaThread "container-0"                       [_thread_blocked, id=31408, stack(0x0000007bb1100000,0x0000007bb1200000) (1024K)]
  0x0000019e8e1dc660 JavaThread "HikariPool-2:housekeeper"   daemon [_thread_blocked, id=29560, stack(0x0000007bb2100000,0x0000007bb2200000) (1024K)]
  0x0000019e8e1da590 JavaThread "File Watcher"               daemon [_thread_blocked, id=26128, stack(0x0000007bb2600000,0x0000007bb2700000) (1024K)]
=>0x0000019e8e1dccf0 JavaThread "http-nio-8181-exec-1"       daemon [_thread_in_Java, id=32000, stack(0x0000007bb2b00000,0x0000007bb2c00000) (1024K)]
  0x0000019e8e1d8b50 JavaThread "http-nio-8181-exec-2"       daemon [_thread_in_Java, id=12152, stack(0x0000007bb2c00000,0x0000007bb2d00000) (1024K)]
  0x0000019e8e1d9f00 JavaThread "http-nio-8181-exec-3"       daemon [_thread_blocked, id=5032, stack(0x0000007bb2f00000,0x0000007bb3000000) (1024K)]
  0x0000019e8e1dac20 JavaThread "http-nio-8181-exec-4"       daemon [_thread_blocked, id=8436, stack(0x0000007bb3000000,0x0000007bb3100000) (1024K)]
  0x0000019e8e1db2b0 JavaThread "http-nio-8181-exec-5"       daemon [_thread_blocked, id=19088, stack(0x0000007bb3100000,0x0000007bb3200000) (1024K)]
  0x0000019e8e1dd380 JavaThread "http-nio-8181-exec-6"       daemon [_thread_blocked, id=22004, stack(0x0000007bb3200000,0x0000007bb3300000) (1024K)]
  0x0000019e8e1dda10 JavaThread "http-nio-8181-exec-7"       daemon [_thread_blocked, id=31508, stack(0x0000007bb3300000,0x0000007bb3400000) (1024K)]
  0x0000019e8e1db940 JavaThread "http-nio-8181-exec-8"       daemon [_thread_blocked, id=18168, stack(0x0000007bb3400000,0x0000007bb3500000) (1024K)]
  0x0000019e8cccc7c0 JavaThread "http-nio-8181-exec-9"       daemon [_thread_blocked, id=24280, stack(0x0000007bb3500000,0x0000007bb3600000) (1024K)]
  0x0000019e8cccfc40 JavaThread "http-nio-8181-exec-10"      daemon [_thread_blocked, id=26692, stack(0x0000007bb3600000,0x0000007bb3700000) (1024K)]
  0x0000019e8cccb410 JavaThread "http-nio-8181-Poller"       daemon [_thread_in_native, id=28680, stack(0x0000007bb3700000,0x0000007bb3800000) (1024K)]
  0x0000019e8ccd02d0 JavaThread "http-nio-8181-Acceptor"     daemon [_thread_in_native, id=25860, stack(0x0000007bb3800000,0x0000007bb3900000) (1024K)]
Total: 38

Other Threads:
  0x0000019eff40c6c0 VMThread "VM Thread"                           [id=7460, stack(0x0000007bb0600000,0x0000007bb0700000) (1024K)]
  0x0000019eff3a9090 WatcherThread "VM Periodic Task Thread"        [id=27620, stack(0x0000007bb0500000,0x0000007bb0600000) (1024K)]
  0x0000019ef69a4980 WorkerThread "GC Thread#0"                     [id=28312, stack(0x0000007bb0000000,0x0000007bb0100000) (1024K)]
  0x0000019e8af71360 WorkerThread "GC Thread#1"                     [id=9584, stack(0x0000007bb1600000,0x0000007bb1700000) (1024K)]
  0x0000019e8af71700 WorkerThread "GC Thread#2"                     [id=23700, stack(0x0000007bb1700000,0x0000007bb1800000) (1024K)]
  0x0000019e8af73ab0 WorkerThread "GC Thread#3"                     [id=17884, stack(0x0000007bb1800000,0x0000007bb1900000) (1024K)]
  0x0000019e8af73e50 WorkerThread "GC Thread#4"                     [id=16176, stack(0x0000007bb1900000,0x0000007bb1a00000) (1024K)]
  0x0000019e8af741f0 WorkerThread "GC Thread#5"                     [id=29524, stack(0x0000007bb1a00000,0x0000007bb1b00000) (1024K)]
  0x0000019e8afa1520 WorkerThread "GC Thread#6"                     [id=26472, stack(0x0000007bb1b00000,0x0000007bb1c00000) (1024K)]
  0x0000019e8afa18c0 WorkerThread "GC Thread#7"                     [id=14752, stack(0x0000007bb1c00000,0x0000007bb1d00000) (1024K)]
  0x0000019e8afa2a80 WorkerThread "GC Thread#8"                     [id=24476, stack(0x0000007bb1d00000,0x0000007bb1e00000) (1024K)]
  0x0000019e8b4f5500 WorkerThread "GC Thread#9"                     [id=10868, stack(0x0000007bb2200000,0x0000007bb2300000) (1024K)]
  0x0000019ef69b55b0 ConcurrentGCThread "G1 Main Marker"            [id=21200, stack(0x0000007bb0100000,0x0000007bb0200000) (1024K)]
  0x0000019ef69b6a00 WorkerThread "G1 Conc#0"                       [id=31668, stack(0x0000007bb0200000,0x0000007bb0300000) (1024K)]
  0x0000019e8b4f5c40 WorkerThread "G1 Conc#1"                       [id=31476, stack(0x0000007bb2800000,0x0000007bb2900000) (1024K)]
  0x0000019e8b4f5fe0 WorkerThread "G1 Conc#2"                       [id=18456, stack(0x0000007bb2900000,0x0000007bb2a00000) (1024K)]
  0x0000019eff275920 ConcurrentGCThread "G1 Refine#0"               [id=10492, stack(0x0000007bb0300000,0x0000007bb0400000) (1024K)]
  0x0000019eff276490 ConcurrentGCThread "G1 Service"                [id=32268, stack(0x0000007bb0400000,0x0000007bb0500000) (1024K)]
Total: 18

Threads with active compile tasks:
Total: 0

VM state: not at safepoint (normal execution)

VM Mutex/Monitor currently owned by a thread: None

Heap address: 0x0000000703a00000, size: 4038 MB, Compressed Oops mode: Zero based, Oop shift amount: 3

CDS archive(s) not mapped
Compressed class space mapped at: 0x0000000800000000-0x0000000840000000, reserved size: 1073741824
Narrow klass base: 0x0000000800000000, Narrow klass shift: 0, Narrow klass range: 0x40000000

GC Precious Log:
 CardTable entry size: 512
 Card Set container configuration: InlinePtr #cards 4 size 8 Array Of Cards #cards 16 size 48 Howl #buckets 8 coarsen threshold 3686 Howl Bitmap #cards 512 size 80 coarsen threshold 460 Card regions per heap region 1 cards per card region 4096
 CPUs: 12 total, 12 available
 Memory: 16149M
 Large Page Support: Disabled
 NUMA Support: Disabled
 Compressed Oops: Enabled (Zero based)
 Heap Region Size: 2M
 Heap Min Capacity: 8M
 Heap Initial Capacity: 254M
 Heap Max Capacity: 4038M
 Pre-touch: Disabled
 Parallel Workers: 10
 Concurrent Workers: 3
 Concurrent Refinement Workers: 10
 Periodic GC: Disabled

Heap:
 garbage-first heap   total 116736K, used 44521K [0x0000000703a00000, 0x0000000800000000)
  region size 2048K, 6 young (12288K), 4 survivors (8192K)
 Metaspace       used 90870K, committed 91648K, reserved 1179648K
  class space    used 12322K, committed 12672K, reserved 1048576K

Heap Regions: E=young(eden), S=young(survivor), O=old, HS=humongous(starts), HC=humongous(continues), CS=collection set, F=free, TAMS=top-at-mark-start, PB=parsable bottom
|   0|0x0000000703a00000, 0x0000000703c00000, 0x0000000703c00000|100%| O|  |TAMS 0x0000000703a00000| PB 0x0000000703a00000| Untracked 
|   1|0x0000000703c00000, 0x0000000703dffff0, 0x0000000703e00000| 99%| O|  |TAMS 0x0000000703c00000| PB 0x0000000703c00000| Untracked 
|   2|0x0000000703e00000, 0x0000000703fffff0, 0x0000000704000000| 99%| O|  |TAMS 0x0000000703e00000| PB 0x0000000703e00000| Untracked 
|   3|0x0000000704000000, 0x0000000704200000, 0x0000000704200000|100%| O|  |TAMS 0x0000000704000000| PB 0x0000000704000000| Untracked 
|   4|0x0000000704200000, 0x00000007043fffe0, 0x0000000704400000| 99%| O|  |TAMS 0x0000000704200000| PB 0x0000000704200000| Untracked 
|   5|0x0000000704400000, 0x00000007045fffd8, 0x0000000704600000| 99%| O|  |TAMS 0x0000000704400000| PB 0x0000000704400000| Untracked 
|   6|0x0000000704600000, 0x00000007047ffff8, 0x0000000704800000| 99%| O|  |TAMS 0x0000000704600000| PB 0x0000000704600000| Untracked 
|   7|0x0000000704800000, 0x00000007049fe328, 0x0000000704a00000| 99%| O|  |TAMS 0x0000000704800000| PB 0x0000000704800000| Untracked 
|   8|0x0000000704a00000, 0x0000000704bffff0, 0x0000000704c00000| 99%| O|  |TAMS 0x0000000704a00000| PB 0x0000000704a00000| Untracked 
|   9|0x0000000704c00000, 0x0000000704dffff0, 0x0000000704e00000| 99%| O|  |TAMS 0x0000000704c00000| PB 0x0000000704c00000| Untracked 
|  10|0x0000000704e00000, 0x0000000704ffffe8, 0x0000000705000000| 99%| O|  |TAMS 0x0000000704e00000| PB 0x0000000704e00000| Untracked 
|  11|0x0000000705000000, 0x00000007050af030, 0x0000000705200000| 34%| O|  |TAMS 0x0000000705000000| PB 0x0000000705000000| Untracked 
|  12|0x0000000705200000, 0x00000007053fffe8, 0x0000000705400000| 99%| O|  |TAMS 0x0000000705200000| PB 0x0000000705200000| Untracked 
|  13|0x0000000705400000, 0x00000007055d5aa8, 0x0000000705600000| 91%| O|  |TAMS 0x0000000705400000| PB 0x0000000705400000| Untracked 
|  14|0x0000000705600000, 0x00000007056fbbb8, 0x0000000705800000| 49%| O|  |TAMS 0x0000000705600000| PB 0x0000000705600000| Untracked 
|  15|0x0000000705800000, 0x0000000705951c70, 0x0000000705a00000| 65%| O|  |TAMS 0x0000000705800000| PB 0x0000000705800000| Untracked 
|  16|0x0000000705a00000, 0x0000000705c00000, 0x0000000705c00000|100%| O|  |TAMS 0x0000000705a00000| PB 0x0000000705a00000| Untracked 
|  17|0x0000000705c00000, 0x0000000705d0b288, 0x0000000705e00000| 52%| O|  |TAMS 0x0000000705c00000| PB 0x0000000705c00000| Untracked 
|  18|0x0000000705e00000, 0x0000000706000000, 0x0000000706000000|100%| O|  |TAMS 0x0000000705e00000| PB 0x0000000705e00000| Untracked 
|  19|0x0000000706000000, 0x000000070613dc10, 0x0000000706200000| 62%| O|  |TAMS 0x0000000706000000| PB 0x0000000706000000| Untracked 
|  20|0x0000000706200000, 0x0000000706200000, 0x0000000706400000|  0%| F|  |TAMS 0x0000000706200000| PB 0x0000000706200000| Untracked 
|  21|0x0000000706400000, 0x0000000706400000, 0x0000000706600000|  0%| F|  |TAMS 0x0000000706400000| PB 0x0000000706400000| Untracked 
|  22|0x0000000706600000, 0x0000000706600000, 0x0000000706800000|  0%| F|  |TAMS 0x0000000706600000| PB 0x0000000706600000| Untracked 
|  23|0x0000000706800000, 0x0000000706800000, 0x0000000706a00000|  0%| F|  |TAMS 0x0000000706800000| PB 0x0000000706800000| Untracked 
|  24|0x0000000706a00000, 0x0000000706a00000, 0x0000000706c00000|  0%| F|  |TAMS 0x0000000706a00000| PB 0x0000000706a00000| Untracked 
|  25|0x0000000706c00000, 0x0000000706c61140, 0x0000000706e00000| 18%| S|CS|TAMS 0x0000000706c00000| PB 0x0000000706c00000| Complete 
|  26|0x0000000706e00000, 0x0000000707000000, 0x0000000707000000|100%| S|CS|TAMS 0x0000000706e00000| PB 0x0000000706e00000| Complete 
|  27|0x0000000707000000, 0x0000000707200000, 0x0000000707200000|100%| S|CS|TAMS 0x0000000707000000| PB 0x0000000707000000| Complete 
|  28|0x0000000707200000, 0x0000000707400000, 0x0000000707400000|100%| S|CS|TAMS 0x0000000707200000| PB 0x0000000707200000| Complete 
|  29|0x0000000707400000, 0x0000000707400000, 0x0000000707600000|  0%| F|  |TAMS 0x0000000707400000| PB 0x0000000707400000| Untracked 
|  30|0x0000000707600000, 0x0000000707600000, 0x0000000707800000|  0%| F|  |TAMS 0x0000000707600000| PB 0x0000000707600000| Untracked 
|  31|0x0000000707800000, 0x0000000707800000, 0x0000000707a00000|  0%| F|  |TAMS 0x0000000707800000| PB 0x0000000707800000| Untracked 
|  32|0x0000000707a00000, 0x0000000707a00000, 0x0000000707c00000|  0%| F|  |TAMS 0x0000000707a00000| PB 0x0000000707a00000| Untracked 
|  33|0x0000000707c00000, 0x0000000707c00000, 0x0000000707e00000|  0%| F|  |TAMS 0x0000000707c00000| PB 0x0000000707c00000| Untracked 
|  34|0x0000000707e00000, 0x0000000707e00000, 0x0000000708000000|  0%| F|  |TAMS 0x0000000707e00000| PB 0x0000000707e00000| Untracked 
|  35|0x0000000708000000, 0x0000000708000000, 0x0000000708200000|  0%| F|  |TAMS 0x0000000708000000| PB 0x0000000708000000| Untracked 
|  36|0x0000000708200000, 0x0000000708200000, 0x0000000708400000|  0%| F|  |TAMS 0x0000000708200000| PB 0x0000000708200000| Untracked 
|  37|0x0000000708400000, 0x0000000708400000, 0x0000000708600000|  0%| F|  |TAMS 0x0000000708400000| PB 0x0000000708400000| Untracked 
|  38|0x0000000708600000, 0x0000000708600000, 0x0000000708800000|  0%| F|  |TAMS 0x0000000708600000| PB 0x0000000708600000| Untracked 
|  39|0x0000000708800000, 0x0000000708800000, 0x0000000708a00000|  0%| F|  |TAMS 0x0000000708800000| PB 0x0000000708800000| Untracked 
|  40|0x0000000708a00000, 0x0000000708a00000, 0x0000000708c00000|  0%| F|  |TAMS 0x0000000708a00000| PB 0x0000000708a00000| Untracked 
|  41|0x0000000708c00000, 0x0000000708c00000, 0x0000000708e00000|  0%| F|  |TAMS 0x0000000708c00000| PB 0x0000000708c00000| Untracked 
|  42|0x0000000708e00000, 0x0000000708e00000, 0x0000000709000000|  0%| F|  |TAMS 0x0000000708e00000| PB 0x0000000708e00000| Untracked 
|  43|0x0000000709000000, 0x0000000709000000, 0x0000000709200000|  0%| F|  |TAMS 0x0000000709000000| PB 0x0000000709000000| Untracked 
|  44|0x0000000709200000, 0x0000000709200000, 0x0000000709400000|  0%| F|  |TAMS 0x0000000709200000| PB 0x0000000709200000| Untracked 
|  45|0x0000000709400000, 0x0000000709400000, 0x0000000709600000|  0%| F|  |TAMS 0x0000000709400000| PB 0x0000000709400000| Untracked 
|  46|0x0000000709600000, 0x0000000709600000, 0x0000000709800000|  0%| F|  |TAMS 0x0000000709600000| PB 0x0000000709600000| Untracked 
|  47|0x0000000709800000, 0x0000000709800000, 0x0000000709a00000|  0%| F|  |TAMS 0x0000000709800000| PB 0x0000000709800000| Untracked 
|  48|0x0000000709a00000, 0x0000000709a00000, 0x0000000709c00000|  0%| F|  |TAMS 0x0000000709a00000| PB 0x0000000709a00000| Untracked 
|  49|0x0000000709c00000, 0x0000000709c00000, 0x0000000709e00000|  0%| F|  |TAMS 0x0000000709c00000| PB 0x0000000709c00000| Untracked 
|  50|0x0000000709e00000, 0x0000000709e00000, 0x000000070a000000|  0%| F|  |TAMS 0x0000000709e00000| PB 0x0000000709e00000| Untracked 
|  51|0x000000070a000000, 0x000000070a000000, 0x000000070a200000|  0%| F|  |TAMS 0x000000070a000000| PB 0x000000070a000000| Untracked 
|  52|0x000000070a200000, 0x000000070a200000, 0x000000070a400000|  0%| F|  |TAMS 0x000000070a200000| PB 0x000000070a200000| Untracked 
|  53|0x000000070a400000, 0x000000070a400000, 0x000000070a600000|  0%| F|  |TAMS 0x000000070a400000| PB 0x000000070a400000| Untracked 
|  54|0x000000070a600000, 0x000000070a600000, 0x000000070a800000|  0%| F|  |TAMS 0x000000070a600000| PB 0x000000070a600000| Untracked 
|  55|0x000000070a800000, 0x000000070a9ea870, 0x000000070aa00000| 95%| E|  |TAMS 0x000000070a800000| PB 0x000000070a800000| Complete 
|  56|0x000000070aa00000, 0x000000070ac00000, 0x000000070ac00000|100%| E|CS|TAMS 0x000000070aa00000| PB 0x000000070aa00000| Complete 

Card table byte_map: [0x0000019efdf60000,0x0000019efe750000] _byte_map_base: 0x0000019efa743000

Marking Bits: (CMBitMap*) 0x0000019ef69a5080
 Bits: [0x0000019e80000000, 0x0000019e83f18000)

Polling page: 0x0000019ef48a0000

Metaspace:

Usage:
  Non-class:     76.71 MB used.
      Class:     12.03 MB used.
       Both:     88.74 MB used.

Virtual space:
  Non-class space:      128.00 MB reserved,      77.12 MB ( 60%) committed,  2 nodes.
      Class space:        1.00 GB reserved,      12.38 MB (  1%) committed,  1 nodes.
             Both:        1.12 GB reserved,      89.50 MB (  8%) committed. 

Chunk freelists:
   Non-Class:  2.28 MB
       Class:  3.61 MB
        Both:  5.89 MB

MaxMetaspaceSize: unlimited
CompressedClassSpaceSize: 1.00 GB
Initial GC threshold: 21.00 MB
Current GC threshold: 147.81 MB
CDS: off
 - commit_granule_bytes: 65536.
 - commit_granule_words: 8192.
 - virtual_space_node_default_size: 8388608.
 - enlarge_chunks_in_place: 1.
 - use_allocation_guard: 0.


Internal statistics:

num_allocs_failed_limit: 9.
num_arena_births: 1344.
num_arena_deaths: 392.
num_vsnodes_births: 3.
num_vsnodes_deaths: 0.
num_space_committed: 1432.
num_space_uncommitted: 0.
num_chunks_returned_to_freelist: 469.
num_chunks_taken_from_freelist: 4463.
num_chunk_merges: 134.
num_chunk_splits: 3043.
num_chunks_enlarged: 2299.
num_inconsistent_stats: 0.

CodeCache: size=49152Kb used=18277Kb max_used=19367Kb free=30874Kb
 bounds [0x0000019efa430000, 0x0000019efb720000, 0x0000019efd430000]
 total_blobs=10562 nmethods=9825 adapters=659
 compilation: enabled
              stopped_count=0, restarted_count=0
 full_count=0

Compilation events (20 events):
Event: 278.581 Thread 0x0000019e8a08d870 10277   !   1       org.apache.tomcat.util.net.NioEndpoint$Poller::timeout (501 bytes)
Event: 278.582 Thread 0x0000019e8a08d870 nmethod 10277 0x0000019efa627490 code [0x0000019efa6277c0, 0x0000019efa628688]
Event: 278.582 Thread 0x0000019e8a08d870 10276       1       sun.nio.ch.WEPollSelectorImpl::processEvents (152 bytes)
Event: 278.583 Thread 0x0000019e8a08d870 nmethod 10276 0x0000019efa626890 code [0x0000019efa626aa0, 0x0000019efa627068]
Event: 278.583 Thread 0x0000019e8a08d870 10278       1       sun.nio.ch.SelectorImpl::select (35 bytes)
Event: 278.583 Thread 0x0000019e8a08d870 nmethod 10278 0x0000019efa626410 code [0x0000019efa6265e0, 0x0000019efa6267d8]
Event: 278.583 Thread 0x0000019e8a08d870 10279       1       java.nio.channels.spi.AbstractSelector::begin (48 bytes)
Event: 278.583 Thread 0x0000019e8a08d870 nmethod 10279 0x0000019efa625c10 code [0x0000019efa625de0, 0x0000019efa626210]
Event: 280.330 Thread 0x0000019e8a08d870 10280       1       org.springframework.boot.devtools.filewatch.FileSystemWatcher$Watcher::isDifferent (105 bytes)
Event: 280.330 Thread 0x0000019e8a08d870 nmethod 10280 0x0000019efa625290 code [0x0000019efa625500, 0x0000019efa625978]
Event: 280.330 Thread 0x0000019e8a08d870 10281       1       org.springframework.boot.devtools.filewatch.DirectorySnapshot::equals (46 bytes)
Event: 280.331 Thread 0x0000019e8a08d870 nmethod 10281 0x0000019efa624b90 code [0x0000019efa624d60, 0x0000019efa625038]
Event: 280.331 Thread 0x0000019e8a08d870 10282       1       java.util.Collections$UnmodifiableSet::equals (24 bytes)
Event: 280.331 Thread 0x0000019e8a08d870 nmethod 10282 0x0000019efa624810 code [0x0000019efa6249c0, 0x0000019efa624af0]
Event: 280.392 Thread 0x0000019e8a08d870 10283       1       java.util.concurrent.locks.AbstractQueuedSynchronizer$ConditionObject::doSignal (54 bytes)
Event: 280.392 Thread 0x0000019e8a08d870 nmethod 10283 0x0000019efa624290 code [0x0000019efa624440, 0x0000019efa6246a0]
Event: 280.392 Thread 0x0000019e8a08d870 10284       1       java.util.concurrent.locks.AbstractQueuedSynchronizer::enqueue (72 bytes)
Event: 280.393 Thread 0x0000019e8a08d870 nmethod 10284 0x0000019efa623a90 code [0x0000019efa623c80, 0x0000019efa624068]
Event: 280.408 Thread 0x0000019e8a08d870 10285       1       org.apache.catalina.LifecycleState::isAvailable (5 bytes)
Event: 280.408 Thread 0x0000019e8a08d870 nmethod 10285 0x0000019efa623790 code [0x0000019efa623920, 0x0000019efa6239f0]

GC Heap History (20 events):
Event: 56.361 GC heap before
{Heap before GC invocations=24 (full 0):
 garbage-first heap   total 110592K, used 91216K [0x0000000703a00000, 0x0000000800000000)
  region size 2048K, 31 young (63488K), 3 survivors (6144K)
 Metaspace       used 77482K, committed 78208K, reserved 1179648K
  class space    used 10456K, committed 10816K, reserved 1048576K
}
Event: 56.364 GC heap after
{Heap after GC invocations=25 (full 0):
 garbage-first heap   total 110592K, used 35020K [0x0000000703a00000, 0x0000000800000000)
  region size 2048K, 2 young (4096K), 2 survivors (4096K)
 Metaspace       used 77482K, committed 78208K, reserved 1179648K
  class space    used 10456K, committed 10816K, reserved 1048576K
}
Event: 56.482 GC heap before
{Heap before GC invocations=25 (full 0):
 garbage-first heap   total 110592K, used 96460K [0x0000000703a00000, 0x0000000800000000)
  region size 2048K, 32 young (65536K), 2 survivors (4096K)
 Metaspace       used 78689K, committed 79424K, reserved 1179648K
  class space    used 10627K, committed 11008K, reserved 1048576K
}
Event: 56.487 GC heap after
{Heap after GC invocations=26 (full 0):
 garbage-first heap   total 110592K, used 42947K [0x0000000703a00000, 0x0000000800000000)
  region size 2048K, 4 young (8192K), 4 survivors (8192K)
 Metaspace       used 78689K, committed 79424K, reserved 1179648K
  class space    used 10627K, committed 11008K, reserved 1048576K
}
Event: 56.688 GC heap before
{Heap before GC invocations=26 (full 0):
 garbage-first heap   total 110592K, used 92099K [0x0000000703a00000, 0x0000000800000000)
  region size 2048K, 28 young (57344K), 4 survivors (8192K)
 Metaspace       used 78782K, committed 79552K, reserved 1179648K
  class space    used 10650K, committed 11008K, reserved 1048576K
}
Event: 56.696 GC heap after
{Heap after GC invocations=27 (full 0):
 garbage-first heap   total 110592K, used 52767K [0x0000000703a00000, 0x0000000800000000)
  region size 2048K, 4 young (8192K), 4 survivors (8192K)
 Metaspace       used 78782K, committed 79552K, reserved 1179648K
  class space    used 10650K, committed 11008K, reserved 1048576K
}
Event: 56.785 GC heap before
{Heap before GC invocations=27 (full 0):
 garbage-first heap   total 110592K, used 93727K [0x0000000703a00000, 0x0000000800000000)
  region size 2048K, 24 young (49152K), 4 survivors (8192K)
 Metaspace       used 78873K, committed 79616K, reserved 1179648K
  class space    used 10664K, committed 11008K, reserved 1048576K
}
Event: 56.789 GC heap after
{Heap after GC invocations=28 (full 0):
 garbage-first heap   total 143360K, used 55226K [0x0000000703a00000, 0x0000000800000000)
  region size 2048K, 1 young (2048K), 1 survivors (2048K)
 Metaspace       used 78873K, committed 79616K, reserved 1179648K
  class space    used 10664K, committed 11008K, reserved 1048576K
}
Event: 57.170 GC heap before
{Heap before GC invocations=28 (full 0):
 garbage-first heap   total 143360K, used 118714K [0x0000000703a00000, 0x0000000800000000)
  region size 2048K, 32 young (65536K), 1 survivors (2048K)
 Metaspace       used 80907K, committed 81664K, reserved 1179648K
  class space    used 10930K, committed 11264K, reserved 1048576K
}
Event: 57.173 GC heap after
{Heap after GC invocations=29 (full 0):
 garbage-first heap   total 143360K, used 57137K [0x0000000703a00000, 0x0000000800000000)
  region size 2048K, 2 young (4096K), 2 survivors (4096K)
 Metaspace       used 80907K, committed 81664K, reserved 1179648K
  class space    used 10930K, committed 11264K, reserved 1048576K
}
Event: 60.631 GC heap before
{Heap before GC invocations=29 (full 0):
 garbage-first heap   total 143360K, used 120625K [0x0000000703a00000, 0x0000000800000000)
  region size 2048K, 34 young (69632K), 2 survivors (4096K)
 Metaspace       used 85509K, committed 86336K, reserved 1179648K
  class space    used 11602K, committed 11968K, reserved 1048576K
}
Event: 60.638 GC heap after
{Heap after GC invocations=30 (full 0):
 garbage-first heap   total 143360K, used 60066K [0x0000000703a00000, 0x0000000800000000)
  region size 2048K, 4 young (8192K), 4 survivors (8192K)
 Metaspace       used 85509K, committed 86336K, reserved 1179648K
  class space    used 11602K, committed 11968K, reserved 1048576K
}
Event: 250.765 GC heap before
{Heap before GC invocations=30 (full 0):
 garbage-first heap   total 143360K, used 121506K [0x0000000703a00000, 0x0000000800000000)
  region size 2048K, 35 young (71680K), 4 survivors (8192K)
 Metaspace       used 89829K, committed 90624K, reserved 1179648K
  class space    used 12238K, committed 12608K, reserved 1048576K
}
Event: 250.772 GC heap after
{Heap after GC invocations=31 (full 0):
 garbage-first heap   total 143360K, used 61268K [0x0000000703a00000, 0x0000000800000000)
  region size 2048K, 3 young (6144K), 3 survivors (6144K)
 Metaspace       used 89829K, committed 90624K, reserved 1179648K
  class space    used 12238K, committed 12608K, reserved 1048576K
}
Event: 258.452 GC heap before
{Heap before GC invocations=31 (full 0):
 garbage-first heap   total 143360K, used 63316K [0x0000000703a00000, 0x0000000800000000)
  region size 2048K, 5 young (10240K), 3 survivors (6144K)
 Metaspace       used 89965K, committed 90816K, reserved 1179648K
  class space    used 12265K, committed 12672K, reserved 1048576K
}
Event: 258.506 GC heap after
{Heap after GC invocations=32 (full 1):
 garbage-first heap   total 116736K, used 30573K [0x0000000703a00000, 0x0000000800000000)
  region size 2048K, 0 young (0K), 0 survivors (0K)
 Metaspace       used 89575K, committed 90816K, reserved 1179648K
  class space    used 12166K, committed 12672K, reserved 1048576K
}
Event: 260.545 GC heap before
{Heap before GC invocations=32 (full 1):
 garbage-first heap   total 116736K, used 98157K [0x0000000703a00000, 0x0000000800000000)
  region size 2048K, 33 young (67584K), 0 survivors (0K)
 Metaspace       used 90065K, committed 90880K, reserved 1179648K
  class space    used 12239K, committed 12672K, reserved 1048576K
}
Event: 260.550 GC heap after
{Heap after GC invocations=33 (full 1):
 garbage-first heap   total 116736K, used 37492K [0x0000000703a00000, 0x0000000800000000)
  region size 2048K, 4 young (8192K), 4 survivors (8192K)
 Metaspace       used 90065K, committed 90880K, reserved 1179648K
  class space    used 12239K, committed 12672K, reserved 1048576K
}
Event: 264.519 GC heap before
{Heap before GC invocations=33 (full 1):
 garbage-first heap   total 116736K, used 94836K [0x0000000703a00000, 0x0000000800000000)
  region size 2048K, 32 young (65536K), 4 survivors (8192K)
 Metaspace       used 90854K, committed 91648K, reserved 1179648K
  class space    used 12322K, committed 12672K, reserved 1048576K
}
Event: 264.527 GC heap after
{Heap after GC invocations=34 (full 1):
 garbage-first heap   total 116736K, used 42473K [0x0000000703a00000, 0x0000000800000000)
  region size 2048K, 4 young (8192K), 4 survivors (8192K)
 Metaspace       used 90854K, committed 91648K, reserved 1179648K
  class space    used 12322K, committed 12672K, reserved 1048576K
}

Dll operation events (12 events):
Event: 0.006 Loaded shared library D:\sts-4.24.0.RELEASE\plugins\org.eclipse.justj.openjdk.hotspot.jre.full.win32.x86_64_21.0.3.v20240426-1530\jre\bin\java.dll
Event: 0.009 Loaded shared library D:\sts-4.24.0.RELEASE\plugins\org.eclipse.justj.openjdk.hotspot.jre.full.win32.x86_64_21.0.3.v20240426-1530\jre\bin\zip.dll
Event: 0.166 Loaded shared library D:\sts-4.24.0.RELEASE\plugins\org.eclipse.justj.openjdk.hotspot.jre.full.win32.x86_64_21.0.3.v20240426-1530\jre\bin\instrument.dll
Event: 0.174 Loaded shared library D:\sts-4.24.0.RELEASE\plugins\org.eclipse.justj.openjdk.hotspot.jre.full.win32.x86_64_21.0.3.v20240426-1530\jre\bin\net.dll
Event: 0.174 Loaded shared library D:\sts-4.24.0.RELEASE\plugins\org.eclipse.justj.openjdk.hotspot.jre.full.win32.x86_64_21.0.3.v20240426-1530\jre\bin\nio.dll
Event: 0.182 Loaded shared library D:\sts-4.24.0.RELEASE\plugins\org.eclipse.justj.openjdk.hotspot.jre.full.win32.x86_64_21.0.3.v20240426-1530\jre\bin\zip.dll
Event: 0.302 Loaded shared library D:\sts-4.24.0.RELEASE\plugins\org.eclipse.justj.openjdk.hotspot.jre.full.win32.x86_64_21.0.3.v20240426-1530\jre\bin\jimage.dll
Event: 0.341 Loaded shared library D:\sts-4.24.0.RELEASE\plugins\org.eclipse.justj.openjdk.hotspot.jre.full.win32.x86_64_21.0.3.v20240426-1530\jre\bin\management.dll
Event: 0.350 Loaded shared library D:\sts-4.24.0.RELEASE\plugins\org.eclipse.justj.openjdk.hotspot.jre.full.win32.x86_64_21.0.3.v20240426-1530\jre\bin\management_ext.dll
Event: 0.594 Loaded shared library D:\sts-4.24.0.RELEASE\plugins\org.eclipse.justj.openjdk.hotspot.jre.full.win32.x86_64_21.0.3.v20240426-1530\jre\bin\extnet.dll
Event: 0.614 Loaded shared library D:\sts-4.24.0.RELEASE\plugins\org.eclipse.justj.openjdk.hotspot.jre.full.win32.x86_64_21.0.3.v20240426-1530\jre\bin\verify.dll
Event: 1.386 Loaded shared library D:\sts-4.24.0.RELEASE\plugins\org.eclipse.justj.openjdk.hotspot.jre.full.win32.x86_64_21.0.3.v20240426-1530\jre\bin\sunmscapi.dll

Deoptimization events (20 events):
Event: 264.552 Thread 0x0000019e8e1d8b50 DEOPT PACKING pc=0x0000019efa88f164 sp=0x0000007bb2cfbfe0
Event: 264.552 Thread 0x0000019e8e1d8b50 DEOPT UNPACKING pc=0x0000019efa4888e2 sp=0x0000007bb2cfb510 mode 1
Event: 264.552 Thread 0x0000019e8e1d8b50 DEOPT PACKING pc=0x0000019efaf52c6c sp=0x0000007bb2cfc0f0
Event: 264.552 Thread 0x0000019e8e1d8b50 DEOPT UNPACKING pc=0x0000019efa4888e2 sp=0x0000007bb2cfb648 mode 1
Event: 264.552 Thread 0x0000019e8e1d8b50 DEOPT PACKING pc=0x0000019efac7de34 sp=0x0000007bb2cfc040
Event: 264.552 Thread 0x0000019e8e1d8b50 DEOPT UNPACKING pc=0x0000019efa4888e2 sp=0x0000007bb2cfb5b8 mode 1
Event: 264.552 Thread 0x0000019e8e1d8b50 DEOPT PACKING pc=0x0000019efac7de34 sp=0x0000007bb2cfc0b0
Event: 264.552 Thread 0x0000019e8e1d8b50 DEOPT UNPACKING pc=0x0000019efa4888e2 sp=0x0000007bb2cfb628 mode 1
Event: 264.552 Thread 0x0000019e8e1d8b50 DEOPT PACKING pc=0x0000019efac7de34 sp=0x0000007bb2cfc0b0
Event: 264.552 Thread 0x0000019e8e1d8b50 DEOPT UNPACKING pc=0x0000019efa4888e2 sp=0x0000007bb2cfb628 mode 1
Event: 264.552 Thread 0x0000019e8e1d8b50 DEOPT PACKING pc=0x0000019efac7de34 sp=0x0000007bb2cfc0b0
Event: 264.552 Thread 0x0000019e8e1d8b50 DEOPT UNPACKING pc=0x0000019efa4888e2 sp=0x0000007bb2cfb628 mode 1
Event: 264.552 Thread 0x0000019e8e1d8b50 DEOPT PACKING pc=0x0000019efa88f164 sp=0x0000007bb2cfbfe0
Event: 264.552 Thread 0x0000019e8e1d8b50 DEOPT UNPACKING pc=0x0000019efa4888e2 sp=0x0000007bb2cfb510 mode 1
Event: 264.552 Thread 0x0000019e8e1d8b50 DEOPT PACKING pc=0x0000019efaf52c6c sp=0x0000007bb2cfc0f0
Event: 264.552 Thread 0x0000019e8e1d8b50 DEOPT UNPACKING pc=0x0000019efa4888e2 sp=0x0000007bb2cfb648 mode 1
Event: 282.445 Thread 0x0000019e8e1dccf0 DEOPT PACKING pc=0x0000019efb09a434 sp=0x0000007bb2bfafd0
Event: 282.445 Thread 0x0000019e8e1dccf0 DEOPT UNPACKING pc=0x0000019efa4888e2 sp=0x0000007bb2bfa478 mode 0
Event: 282.446 Thread 0x0000019e8e1d8b50 DEOPT PACKING pc=0x0000019efb09a434 sp=0x0000007bb2cfad10
Event: 282.446 Thread 0x0000019e8e1d8b50 DEOPT UNPACKING pc=0x0000019efa4888e2 sp=0x0000007bb2cfa1b8 mode 0

Classes loaded (20 events):
Event: 258.439 Loading class javax/net/ssl/SSLSocket
Event: 258.439 Loading class javax/net/ssl/SSLSocket done
Event: 258.439 Loading class javax/crypto/NoSuchPaddingException
Event: 258.439 Loading class javax/crypto/NoSuchPaddingException done
Event: 258.439 Loading class java/security/InvalidKeyException
Event: 258.439 Loading class java/security/InvalidKeyException done
Event: 258.439 Loading class javax/crypto/IllegalBlockSizeException
Event: 258.440 Loading class javax/crypto/IllegalBlockSizeException done
Event: 258.440 Loading class javax/crypto/BadPaddingException
Event: 258.440 Loading class javax/crypto/BadPaddingException done
Event: 258.440 Loading class java/security/spec/InvalidKeySpecException
Event: 258.440 Loading class java/security/spec/InvalidKeySpecException done
Event: 258.440 Loading class java/security/SignatureException
Event: 258.440 Loading class java/security/SignatureException done
Event: 258.506 Loading class java/lang/ref/Finalizer$2
Event: 258.506 Loading class java/lang/ref/Finalizer$2 done
Event: 258.507 Loading class java/lang/ref/Finalizer$1
Event: 258.507 Loading class java/lang/ref/Finalizer$1 done
Event: 263.045 Loading class java/time/DurationEditor
Event: 263.045 Loading class java/time/DurationEditor done

Classes unloaded (20 events):
Event: 258.463 Thread 0x0000019eff40c6c0 Unloading class 0x0000000800198c00 'java/lang/invoke/LambdaForm$MH+0x0000000800198c00'
Event: 258.463 Thread 0x0000019eff40c6c0 Unloading class 0x0000000800198400 'java/lang/invoke/LambdaForm$MH+0x0000000800198400'
Event: 258.463 Thread 0x0000019eff40c6c0 Unloading class 0x0000000800198000 'java/lang/invoke/LambdaForm$MH+0x0000000800198000'
Event: 258.463 Thread 0x0000019eff40c6c0 Unloading class 0x0000000800186800 'java/lang/invoke/LambdaForm$MH+0x0000000800186800'
Event: 258.463 Thread 0x0000019eff40c6c0 Unloading class 0x000000080014ac00 'java/lang/invoke/LambdaForm$MH+0x000000080014ac00'
Event: 258.463 Thread 0x0000019eff40c6c0 Unloading class 0x000000080014a400 'jdk/internal/reflect/GeneratedSerializationConstructorAccessor3'
Event: 258.463 Thread 0x0000019eff40c6c0 Unloading class 0x000000080014a000 'jdk/internal/reflect/GeneratedSerializationConstructorAccessor2'
Event: 258.463 Thread 0x0000019eff40c6c0 Unloading class 0x0000000800149c00 'jdk/internal/reflect/GeneratedSerializationConstructorAccessor1'
Event: 258.463 Thread 0x0000019eff40c6c0 Unloading class 0x0000000800148c00 'java/lang/invoke/LambdaForm$DMH+0x0000000800148c00'
Event: 258.463 Thread 0x0000019eff40c6c0 Unloading class 0x0000000800148400 'java/lang/invoke/LambdaForm$DMH+0x0000000800148400'
Event: 258.463 Thread 0x0000019eff40c6c0 Unloading class 0x0000000800147c00 'java/lang/invoke/LambdaForm$MH+0x0000000800147c00'
Event: 258.463 Thread 0x0000019eff40c6c0 Unloading class 0x0000000800147800 'java/lang/invoke/LambdaForm$DMH+0x0000000800147800'
Event: 258.463 Thread 0x0000019eff40c6c0 Unloading class 0x0000000800147400 'java/lang/invoke/LambdaForm$DMH+0x0000000800147400'
Event: 258.463 Thread 0x0000019eff40c6c0 Unloading class 0x0000000800145800 'java/lang/invoke/LambdaForm$MH+0x0000000800145800'
Event: 258.463 Thread 0x0000019eff40c6c0 Unloading class 0x0000000800142c00 'java/lang/invoke/LambdaForm$MH+0x0000000800142c00'
Event: 258.463 Thread 0x0000019eff40c6c0 Unloading class 0x0000000800142800 'java/lang/invoke/LambdaForm$MH+0x0000000800142800'
Event: 258.463 Thread 0x0000019eff40c6c0 Unloading class 0x00000008000c4000 'java/lang/invoke/LambdaForm$MH+0x00000008000c4000'
Event: 258.463 Thread 0x0000019eff40c6c0 Unloading class 0x00000008000c3c00 'java/lang/invoke/LambdaForm$MH+0x00000008000c3c00'
Event: 258.463 Thread 0x0000019eff40c6c0 Unloading class 0x00000008000c3800 'java/lang/invoke/LambdaForm$MH+0x00000008000c3800'
Event: 258.463 Thread 0x0000019eff40c6c0 Unloading class 0x00000008000c3400 'java/lang/invoke/LambdaForm$MH+0x00000008000c3400'

Classes redefined (2 events):
Event: 282.495 Thread 0x0000019eff40c6c0 redefined class name=com.app.LIMS.master.Controller.LabController, count=1
Event: 282.495 Thread 0x0000019eff40c6c0 redefined class name=com.app.LIMS.master.Controller.LabController, count=1

Internal exceptions (20 events):
Event: 103.346 Thread 0x0000019e8cccd4e0 Exception <a 'java/lang/NoSuchMethodError'{0x000000070ae5a750}: 'java.lang.Object java.lang.invoke.DirectMethodHandle$Holder.invokeInterface(java.lang.Object, java.lang.Object, java.lang.Object, java.lang.Object)'> (0x000000070ae5a750) 
thrown [s\src\hotspot\share\interpreter\linkResolver.cpp, line 773]
Event: 103.346 Thread 0x0000019e8ccd0960 Exception <a 'java/lang/NoSuchMethodError'{0x000000070ae20e00}: 'java.lang.Object java.lang.invoke.DirectMethodHandle$Holder.invokeInterface(java.lang.Object, java.lang.Object, java.lang.Object, java.lang.Object)'> (0x000000070ae20e00) 
thrown [s\src\hotspot\share\interpreter\linkResolver.cpp, line 773]
Event: 103.542 Thread 0x0000019e8cccd4e0 Exception <a 'java/lang/IncompatibleClassChangeError'{0x000000070af7f0e8}: Found class java.lang.Object, but interface was expected> (0x000000070af7f0e8) 
thrown [s\src\hotspot\share\interpreter\linkResolver.cpp, line 840]
Event: 103.542 Thread 0x0000019e8ccd0960 Exception <a 'java/lang/IncompatibleClassChangeError'{0x000000070af5e7d0}: Found class java.lang.Object, but interface was expected> (0x000000070af5e7d0) 
thrown [s\src\hotspot\share\interpreter\linkResolver.cpp, line 840]
Event: 114.465 Thread 0x0000019e8cccfc40 Exception <a 'java/lang/NoSuchMethodError'{0x0000000709a71760}: 'void java.lang.invoke.DirectMethodHandle$Holder.invokeSpecialIFC(java.lang.Object, java.lang.Object, int, java.lang.Object, java.lang.Object, java.lang.Object, java.lang.Object)'> (0x0000000709a71760) 
thrown [s\src\hotspot\share\interpreter\linkResolver.cpp, line 773]
Event: 114.581 Thread 0x0000019e8cccfc40 Exception <a 'java/lang/NoSuchMethodError'{0x000000070975e0c8}: 'int java.lang.invoke.DirectMethodHandle$Holder.invokeStatic(java.lang.Object, java.lang.Object, int, int)'> (0x000000070975e0c8) 
thrown [s\src\hotspot\share\interpreter\linkResolver.cpp, line 773]
Event: 258.451 Thread 0x0000019e8b574a40 Exception <a 'java/lang/InterruptedException'{0x000000070c367510}: sleep interrupted> (0x000000070c367510) 
thrown [s\src\hotspot\share\prims\jvm.cpp, line 3074]
Event: 258.527 Thread 0x0000019e8e1d84c0 Exception <a 'sun/nio/fs/WindowsException'{0x000000070aacbf40}> (0x000000070aacbf40) 
thrown [s\src\hotspot\share\prims\jni.cpp, line 520]
Event: 258.564 Thread 0x0000019e8e1d84c0 Exception <a 'java/lang/NoSuchMethodError'{0x000000070a8cb180}: 'void java.lang.invoke.DelegatingMethodHandle$Holder.reinvoke_L(java.lang.Object, java.lang.Object, int)'> (0x000000070a8cb180) 
thrown [s\src\hotspot\share\interpreter\linkResolver.cpp, line 773]
Event: 258.931 Thread 0x0000019e8e1d84c0 Exception <a 'java/lang/NoClassDefFoundError'{0x000000070878a008}: org/flywaydb/core/Flyway> (0x000000070878a008) 
thrown [s\src\hotspot\share\oops\constantPool.cpp, line 873]
Event: 260.288 Thread 0x0000019e8e1d84c0 Exception <a 'java/lang/NoClassDefFoundError'{0x000000070878a668}: liquibase/integration/spring/SpringLiquibase> (0x000000070878a668) 
thrown [s\src\hotspot\share\oops\constantPool.cpp, line 873]
Event: 260.292 Thread 0x0000019e8e1d84c0 Exception <a 'java/lang/NoClassDefFoundError'{0x00000007087cd7d0}: org/jooq/DSLContext> (0x00000007087cd7d0) 
thrown [s\src\hotspot\share\oops\constantPool.cpp, line 873]
Event: 260.296 Thread 0x0000019e8e1d84c0 Exception <a 'java/lang/NoClassDefFoundError'{0x0000000708448570}: org/springframework/batch/core/repository/JobRepository> (0x0000000708448570) 
thrown [s\src\hotspot\share\oops\constantPool.cpp, line 873]
Event: 260.298 Thread 0x0000019e8e1d84c0 Exception <a 'java/lang/NoClassDefFoundError'{0x0000000708448bc8}: org/quartz/Scheduler> (0x0000000708448bc8) 
thrown [s\src\hotspot\share\oops\constantPool.cpp, line 873]
Event: 260.299 Thread 0x0000019e8e1d84c0 Exception <a 'java/lang/NoClassDefFoundError'{0x0000000708449248}: org/springframework/session/jdbc/JdbcIndexedSessionRepository> (0x0000000708449248) 
thrown [s\src\hotspot\share\oops\constantPool.cpp, line 873]
Event: 260.350 Thread 0x0000019e8e1d84c0 Exception <a 'java/lang/NoSuchMethodError'{0x0000000707f90e20}: 'int java.lang.invoke.DirectMethodHandle$Holder.invokeVirtual(java.lang.Object, java.lang.Object, java.lang.Object, java.lang.Object)'> (0x0000000707f90e20) 
thrown [s\src\hotspot\share\interpreter\linkResolver.cpp, line 773]
Event: 260.351 Thread 0x0000019e8e1d84c0 Exception <a 'java/lang/NoSuchMethodError'{0x0000000707f943e8}: 'int java.lang.invoke.DelegatingMethodHandle$Holder.reinvoke_L(java.lang.Object, java.lang.Object, java.lang.Object, java.lang.Object)'> (0x0000000707f943e8) 
thrown [s\src\hotspot\share\interpreter\linkResolver.cpp, line 773]
Event: 260.355 Thread 0x0000019e8e1d84c0 Exception <a 'java/io/FileNotFoundException'{0x0000000707fdff80}> (0x0000000707fdff80) 
thrown [s\src\hotspot\share\prims\jni.cpp, line 520]
Event: 260.377 Thread 0x0000019e8e1d84c0 Exception <a 'java/io/FileNotFoundException'{0x0000000707a68018}> (0x0000000707a68018) 
thrown [s\src\hotspot\share\prims\jni.cpp, line 520]
Event: 262.651 Thread 0x0000019e8e1d84c0 Exception <a 'java/lang/NoSuchMethodError'{0x000000070a0b16f8}: 'java.lang.Object java.lang.invoke.DirectMethodHandle$Holder.invokeSpecial(java.lang.Object, java.lang.Object, int, java.lang.Object, int)'> (0x000000070a0b16f8) 
thrown [s\src\hotspot\share\interpreter\linkResolver.cpp, line 773]

ZGC Phase Switch (0 events):
No events

VM Operations (20 events):
Event: 266.670 Executing VM operation: get/set locals
Event: 266.670 Executing VM operation: get/set locals done
Event: 266.671 Executing VM operation: get/set locals
Event: 266.671 Executing VM operation: get/set locals done
Event: 270.700 Executing VM operation: Cleanup
Event: 270.700 Executing VM operation: Cleanup done
Event: 276.883 Executing VM operation: get/set locals
Event: 276.883 Executing VM operation: get/set locals done
Event: 282.445 Executing VM operation: ChangeSingleStep
Event: 282.445 Executing VM operation: ChangeSingleStep done
Event: 282.445 Executing VM operation: ChangeSingleStep
Event: 282.445 Executing VM operation: ChangeSingleStep done
Event: 282.446 Executing VM operation: ChangeSingleStep
Event: 282.446 Executing VM operation: ChangeSingleStep done
Event: 282.446 Executing VM operation: ChangeSingleStep
Event: 282.446 Executing VM operation: ChangeSingleStep done
Event: 282.486 Executing VM operation: RedefineClasses
Event: 282.515 Executing VM operation: RedefineClasses done
Event: 282.541 Executing VM operation: ChangeSingleStep
Event: 282.541 Executing VM operation: ChangeSingleStep done

Events (20 events):
Event: 260.560 Thread 0x0000019e8e1dedc0 Thread added: 0x0000019e8e1dedc0
Event: 261.882 Thread 0x0000019e8b9ec3f0 Thread exited: 0x0000019e8b9ec3f0
Event: 262.984 Thread 0x0000019e8e1da590 Thread added: 0x0000019e8e1da590
Event: 263.034 Thread 0x0000019e8e1dccf0 Thread added: 0x0000019e8e1dccf0
Event: 263.034 Thread 0x0000019e8e1d8b50 Thread added: 0x0000019e8e1d8b50
Event: 263.034 Thread 0x0000019e8e1d9f00 Thread added: 0x0000019e8e1d9f00
Event: 263.034 Thread 0x0000019e8e1dac20 Thread added: 0x0000019e8e1dac20
Event: 263.034 Thread 0x0000019e8e1db2b0 Thread added: 0x0000019e8e1db2b0
Event: 263.034 Thread 0x0000019e8e1dd380 Thread added: 0x0000019e8e1dd380
Event: 263.035 Thread 0x0000019e8e1dda10 Thread added: 0x0000019e8e1dda10
Event: 263.035 Thread 0x0000019e8e1db940 Thread added: 0x0000019e8e1db940
Event: 263.035 Thread 0x0000019e8cccc7c0 Thread added: 0x0000019e8cccc7c0
Event: 263.035 Thread 0x0000019e8cccfc40 Thread added: 0x0000019e8cccfc40
Event: 263.038 Thread 0x0000019e8cccb410 Thread added: 0x0000019e8cccb410
Event: 263.038 Thread 0x0000019e8ccd02d0 Thread added: 0x0000019e8ccd02d0
Event: 263.205 Thread 0x0000019e8e1d84c0 Thread exited: 0x0000019e8e1d84c0
Event: 263.205 Thread 0x0000019e8e1de730 Thread exited: 0x0000019e8e1de730
Event: 266.004 Thread 0x0000019e8e1dedc0 Thread exited: 0x0000019e8e1dedc0
Event: 270.053 Thread 0x0000019e8aeb58d0 Thread exited: 0x0000019e8aeb58d0
Event: 270.053 Thread 0x0000019e8ac60bf0 Thread exited: 0x0000019e8ac60bf0


Dynamic libraries:
0x00007ff7b47e0000 - 0x00007ff7b47ee000 	D:\sts-4.24.0.RELEASE\plugins\org.eclipse.justj.openjdk.hotspot.jre.full.win32.x86_64_21.0.3.v20240426-1530\jre\bin\javaw.exe
0x00007fff61470000 - 0x00007fff61687000 	C:\Windows\SYSTEM32\ntdll.dll
0x00007fff60610000 - 0x00007fff606d4000 	C:\Windows\System32\KERNEL32.DLL
0x00007fff5ed80000 - 0x00007fff5f12d000 	C:\Windows\System32\KERNELBASE.dll
0x00007fff5e9f0000 - 0x00007fff5eb01000 	C:\Windows\System32\ucrtbase.dll
0x00007fff20d70000 - 0x00007fff20d88000 	D:\sts-4.24.0.RELEASE\plugins\org.eclipse.justj.openjdk.hotspot.jre.full.win32.x86_64_21.0.3.v20240426-1530\jre\bin\jli.dll
0x00007fff20b40000 - 0x00007fff20b5b000 	D:\sts-4.24.0.RELEASE\plugins\org.eclipse.justj.openjdk.hotspot.jre.full.win32.x86_64_21.0.3.v20240426-1530\jre\bin\VCRUNTIME140.dll
0x00007fff606e0000 - 0x00007fff6088e000 	C:\Windows\System32\USER32.dll
0x00007fff5eb10000 - 0x00007fff5eb36000 	C:\Windows\System32\win32u.dll
0x00007fff49aa0000 - 0x00007fff49d33000 	C:\Windows\WinSxS\amd64_microsoft.windows.common-controls_6595b64144ccf1df_6.0.22621.3672_none_2713b9d173822955\COMCTL32.dll
0x00007fff60340000 - 0x00007fff60369000 	C:\Windows\System32\GDI32.dll
0x00007fff5f810000 - 0x00007fff5f8b7000 	C:\Windows\System32\msvcrt.dll
0x00007fff5e8d0000 - 0x00007fff5e9e9000 	C:\Windows\System32\gdi32full.dll
0x00007fff5ece0000 - 0x00007fff5ed7a000 	C:\Windows\System32\msvcp_win.dll
0x00007fff60370000 - 0x00007fff603a1000 	C:\Windows\System32\IMM32.DLL
0x00007fff217e0000 - 0x00007fff217ec000 	D:\sts-4.24.0.RELEASE\plugins\org.eclipse.justj.openjdk.hotspot.jre.full.win32.x86_64_21.0.3.v20240426-1530\jre\bin\vcruntime140_1.dll
0x00007ffec4370000 - 0x00007ffec43fe000 	D:\sts-4.24.0.RELEASE\plugins\org.eclipse.justj.openjdk.hotspot.jre.full.win32.x86_64_21.0.3.v20240426-1530\jre\bin\msvcp140.dll
0x00007ffe972a0000 - 0x00007ffe98022000 	D:\sts-4.24.0.RELEASE\plugins\org.eclipse.justj.openjdk.hotspot.jre.full.win32.x86_64_21.0.3.v20240426-1530\jre\bin\server\jvm.dll
0x00007fff60410000 - 0x00007fff604c2000 	C:\Windows\System32\ADVAPI32.dll
0x00007fff5f440000 - 0x00007fff5f4e9000 	C:\Windows\System32\sechost.dll
0x00007fff5eb40000 - 0x00007fff5eb68000 	C:\Windows\System32\bcrypt.dll
0x00007fff604f0000 - 0x00007fff60604000 	C:\Windows\System32\RPCRT4.dll
0x00007fff601e0000 - 0x00007fff60251000 	C:\Windows\System32\WS2_32.dll
0x00007fff51b10000 - 0x00007fff51b44000 	C:\Windows\SYSTEM32\WINMM.dll
0x00007fff5e660000 - 0x00007fff5e6ad000 	C:\Windows\SYSTEM32\POWRPROF.dll
0x00007fff57de0000 - 0x00007fff57dea000 	C:\Windows\SYSTEM32\VERSION.dll
0x00007fff5e640000 - 0x00007fff5e653000 	C:\Windows\SYSTEM32\UMPDC.dll
0x00007fff5d790000 - 0x00007fff5d7a8000 	C:\Windows\SYSTEM32\kernel.appcore.dll
0x00007fff31960000 - 0x00007fff3196a000 	D:\sts-4.24.0.RELEASE\plugins\org.eclipse.justj.openjdk.hotspot.jre.full.win32.x86_64_21.0.3.v20240426-1530\jre\bin\jimage.dll
0x00007fff50f60000 - 0x00007fff51192000 	C:\Windows\SYSTEM32\DBGHELP.DLL
0x00007fff5fd50000 - 0x00007fff600d8000 	C:\Windows\System32\combase.dll
0x00007fff60890000 - 0x00007fff60967000 	C:\Windows\System32\OLEAUT32.dll
0x00007fff455f0000 - 0x00007fff45622000 	C:\Windows\SYSTEM32\dbgcore.DLL
0x00007fff5f130000 - 0x00007fff5f1ab000 	C:\Windows\System32\bcryptPrimitives.dll
0x00007fff1e520000 - 0x00007fff1e55c000 	D:\sts-4.24.0.RELEASE\plugins\org.eclipse.justj.openjdk.hotspot.jre.full.win32.x86_64_21.0.3.v20240426-1530\jre\bin\jdwp.dll
0x00007fff44b70000 - 0x00007fff44b7f000 	D:\sts-4.24.0.RELEASE\plugins\org.eclipse.justj.openjdk.hotspot.jre.full.win32.x86_64_21.0.3.v20240426-1530\jre\bin\instrument.dll
0x00007fff20b20000 - 0x00007fff20b3f000 	D:\sts-4.24.0.RELEASE\plugins\org.eclipse.justj.openjdk.hotspot.jre.full.win32.x86_64_21.0.3.v20240426-1530\jre\bin\java.dll
0x00007fff1eac0000 - 0x00007fff1ead8000 	D:\sts-4.24.0.RELEASE\plugins\org.eclipse.justj.openjdk.hotspot.jre.full.win32.x86_64_21.0.3.v20240426-1530\jre\bin\zip.dll
0x00007fff60b30000 - 0x00007fff6138f000 	C:\Windows\System32\SHELL32.dll
0x00007fff5c4c0000 - 0x00007fff5cdbc000 	C:\Windows\SYSTEM32\windows.storage.dll
0x00007fff5c380000 - 0x00007fff5c4bf000 	C:\Windows\SYSTEM32\wintypes.dll
0x00007fff600e0000 - 0x00007fff601d4000 	C:\Windows\System32\SHCORE.dll
0x00007fff603b0000 - 0x00007fff6040e000 	C:\Windows\System32\shlwapi.dll
0x00007fff5e6d0000 - 0x00007fff5e6f1000 	C:\Windows\SYSTEM32\profapi.dll
0x00007fff447f0000 - 0x00007fff447fb000 	D:\sts-4.24.0.RELEASE\plugins\org.eclipse.justj.openjdk.hotspot.jre.full.win32.x86_64_21.0.3.v20240426-1530\jre\bin\dt_socket.dll
0x00007fff5cfe0000 - 0x00007fff5d00d000 	C:\Windows\SYSTEM32\IPHLPAPI.DLL
0x00007fff5dbf0000 - 0x00007fff5dc59000 	C:\Windows\system32\mswsock.dll
0x00007fff5d040000 - 0x00007fff5d138000 	C:\Windows\SYSTEM32\DNSAPI.dll
0x00007fff5fd40000 - 0x00007fff5fd49000 	C:\Windows\System32\NSI.dll
0x0000000062fd0000 - 0x0000000062fda000 	C:\Program Files\National Instruments\Shared\mDNS Responder\nimdnsNSP.dll
0x0000000062fc0000 - 0x0000000062fd0000 	C:\Windows\SYSTEM32\nimdnsResponder.dll
0x00007fff57f80000 - 0x00007fff57f8a000 	C:\Windows\System32\rasadhlp.dll
0x00007fff5afe0000 - 0x00007fff5b063000 	C:\Windows\System32\fwpuclnt.dll
0x00007fff24800000 - 0x00007fff24810000 	D:\sts-4.24.0.RELEASE\plugins\org.eclipse.justj.openjdk.hotspot.jre.full.win32.x86_64_21.0.3.v20240426-1530\jre\bin\net.dll
0x00007fff5a390000 - 0x00007fff5a4c6000 	C:\Windows\SYSTEM32\WINHTTP.dll
0x00007fff1e630000 - 0x00007fff1e646000 	D:\sts-4.24.0.RELEASE\plugins\org.eclipse.justj.openjdk.hotspot.jre.full.win32.x86_64_21.0.3.v20240426-1530\jre\bin\nio.dll
0x00007fff32e20000 - 0x00007fff32e2a000 	D:\sts-4.24.0.RELEASE\plugins\org.eclipse.justj.openjdk.hotspot.jre.full.win32.x86_64_21.0.3.v20240426-1530\jre\bin\management.dll
0x00007fff216c0000 - 0x00007fff216cb000 	D:\sts-4.24.0.RELEASE\plugins\org.eclipse.justj.openjdk.hotspot.jre.full.win32.x86_64_21.0.3.v20240426-1530\jre\bin\management_ext.dll
0x00007fff5f800000 - 0x00007fff5f808000 	C:\Windows\System32\PSAPI.DLL
0x00007fff45780000 - 0x00007fff45797000 	C:\Windows\system32\napinsp.dll
0x00007fff45740000 - 0x00007fff4575b000 	C:\Windows\system32\pnrpnsp.dll
0x00007fff45690000 - 0x00007fff456a1000 	C:\Windows\System32\winrnr.dll
0x00007fff455d0000 - 0x00007fff455e5000 	C:\Windows\system32\wshbth.dll
0x00007fff453c0000 - 0x00007fff453e7000 	C:\Windows\system32\nlansp_c.dll
0x00007fff5df40000 - 0x00007fff5df5b000 	C:\Windows\SYSTEM32\CRYPTSP.dll
0x00007fff5d6f0000 - 0x00007fff5d725000 	C:\Windows\system32\rsaenh.dll
0x00007fff5dc90000 - 0x00007fff5dcb8000 	C:\Windows\SYSTEM32\USERENV.dll
0x00007fff5df20000 - 0x00007fff5df2c000 	C:\Windows\SYSTEM32\CRYPTBASE.dll
0x00007fff21260000 - 0x00007fff21269000 	D:\sts-4.24.0.RELEASE\plugins\org.eclipse.justj.openjdk.hotspot.jre.full.win32.x86_64_21.0.3.v20240426-1530\jre\bin\extnet.dll
0x00007fff21dc0000 - 0x00007fff21dd0000 	D:\sts-4.24.0.RELEASE\plugins\org.eclipse.justj.openjdk.hotspot.jre.full.win32.x86_64_21.0.3.v20240426-1530\jre\bin\verify.dll
0x00007fff219c0000 - 0x00007fff219ce000 	D:\sts-4.24.0.RELEASE\plugins\org.eclipse.justj.openjdk.hotspot.jre.full.win32.x86_64_21.0.3.v20240426-1530\jre\bin\sunmscapi.dll
0x00007fff5eb70000 - 0x00007fff5ecd7000 	C:\Windows\System32\CRYPT32.dll
0x00007fff5e040000 - 0x00007fff5e06e000 	C:\Windows\SYSTEM32\ncrypt.dll
0x00007fff5dfc0000 - 0x00007fff5dff7000 	C:\Windows\SYSTEM32\NTASN1.dll
0x00007fff596b0000 - 0x00007fff596b8000 	C:\Windows\system32\wshunix.dll

dbghelp: loaded successfully - version: 4.0.5 - missing functions: none
symbol engine: initialized successfully - sym options: 0x614 - pdb path: .;D:\sts-4.24.0.RELEASE\plugins\org.eclipse.justj.openjdk.hotspot.jre.full.win32.x86_64_21.0.3.v20240426-1530\jre\bin;C:\Windows\SYSTEM32;C:\Windows\WinSxS\amd64_microsoft.windows.common-controls_6595b64144ccf1df_6.0.22621.3672_none_2713b9d173822955;D:\sts-4.24.0.RELEASE\plugins\org.eclipse.justj.openjdk.hotspot.jre.full.win32.x86_64_21.0.3.v20240426-1530\jre\bin\server;C:\Program Files\National Instruments\Shared\mDNS Responder

VM Arguments:
jvm_args: -XX:+ShowCodeDetailsInExceptionMessages -agentlib:jdwp=transport=dt_socket,suspend=y,address=localhost:49564 -Dcom.sun.management.jmxremote -Dcom.sun.management.jmxremote.port=49563 -Dcom.sun.management.jmxremote.authenticate=false -Dcom.sun.management.jmxremote.ssl=false -Djava.rmi.server.hostname=localhost -Dspring.jmx.enabled=true -Dmanagement.endpoints.jmx.exposure.include=* -Dspring.application.admin.enabled=true -XX:TieredStopAtLevel=1 -Dspring.boot.project.name=LIMS_BACKEND -javaagent:D:\sts-4.24.0.RELEASE\configuration\org.eclipse.osgi\270\0\.cp\lib\javaagent-shaded.jar -Dfile.encoding=UTF-8 -Dstdout.encoding=UTF-8 -Dstderr.encoding=UTF-8 
java_command: com.app.LIMS.LimsApplication --spring.output.ansi.enabled=always
java_class_path (initial): D:\ProjectsR\KafkaConsumer\LIMS\LIMS_BACKEND\target\classes;C:\Users\rohitmalviya\.m2\repository\org\springframework\security\spring-security-web\6.5.1\spring-security-web-6.5.1.jar;C:\Users\rohitmalviya\.m2\repository\org\springframework\security\spring-security-core\6.5.1\spring-security-core-6.5.1.jar;C:\Users\rohitmalviya\.m2\repository\org\springframework\security\spring-security-crypto\6.5.1\spring-security-crypto-6.5.1.jar;C:\Users\rohitmalviya\.m2\repository\io\micrometer\micrometer-observation\1.15.1\micrometer-observation-1.15.1.jar;C:\Users\rohitmalviya\.m2\repository\io\micrometer\micrometer-commons\1.15.1\micrometer-commons-1.15.1.jar;C:\Users\rohitmalviya\.m2\repository\org\springframework\spring-core\6.2.8\spring-core-6.2.8.jar;C:\Users\rohitmalviya\.m2\repository\org\springframework\spring-jcl\6.2.8\spring-jcl-6.2.8.jar;C:\Users\rohitmalviya\.m2\repository\org\springframework\spring-aop\6.2.8\spring-aop-6.2.8.jar;C:\Users\rohitmalviya\.m2\repository\org\springframework\spring-beans\6.2.8\spring-beans-6.2.8.jar;C:\Users\rohitmalviya\.m2\repository\org\springframework\spring-context\6.2.8\spring-context-6.2.8.jar;C:\Users\rohitmalviya\.m2\repository\org\springframework\spring-expression\6.2.8\spring-expression-6.2.8.jar;C:\Users\rohitmalviya\.m2\repository\org\springframework\spring-web\6.2.8\spring-web-6.2.8.jar;C:\Users\rohitmalviya\.m2\repository\org\springframework\security\spring-security-config\6.5.1\spring-security-config-6.5.1.jar;C:\Users\rohitmalviya\.m2\repository\org\springframework\boot\spring-boot-starter-data-jdbc\3.5.3\spring-boot-starter-data-jdbc-3.5.3.jar;C:\Users\rohitmalviya\.m2\repository\org\springframework\boot\spring-boot-starter-jdbc\3.5.3\spring-boot-starter-jdbc-3.5.3.jar;C:\Users\rohitmalviya\.m2\repository\com\zaxxer\HikariCP\6.3.0\HikariCP-6.3.0.jar;C:\Users\rohitmalviya\.m2\repository\org\springframework\spring-jdbc\6.2.8\spring-jdbc-6.2.8.jar;C:\Users\rohitmalviya\.m2\repository\org\springframework\data\spring-data-jdbc\3.5.1\spring-data-jdbc-3.5.1.jar;C:\Users\rohitmalviya\.m2\repository\org\springframework\data\spring-data-relational\3.5.1\spring-data-relational-3.5.1.jar;C:\Users\rohitmalviya\.m2\repository\org\springframework\data\spring-data-commons\3.5.1\spring-data-commons-3.5.1.jar;C:\Users\rohitmalviya\.m2\repository\org\springframework\spring-tx\6.2.8\spring-tx-6.2.8.jar;C:\Users\rohitmalviya\.m2\repository\org\slf4j\slf4j-api\2.0.17\slf4j-api-2.0.17.jar;C:\Users\rohitmalviya\.m2\repository\org\springframework\boot\spring-boot-starter-web\3.5.3\spring-boot-starter-web-3.5.3.jar;C:\Users\rohitmalviya\.m2\repository\org\springframework\boot\spring-boot-starter\3.5.3\spring-boot-starter-3.5.3.jar;C:\Users\rohitmalviya\.m2\repository\org\springframework\boot\spring-boot-starter-logging\3.5.3\spring-boot-starter-logging-3.5.3.jar;C:\Users\rohitmalviya\.m2\repository\ch\qos\logback\logback-classic\1.5.18\logback-classic-1.5.18.jar;C:\Users\rohitmalviya\.m2\repository\ch\qos\logback\logback-core\1.5.18\logback-core-1.5.18.jar;C:\Users\rohitmalviya\.m2\repository\org\apache\logging\log4j\log4j-to-slf4j\2.24.3\log4j-to-slf4j-2.24.3.jar;C:\Users\rohitmalviya\.m2\repository\org\apache\logging\log4j\log4j-api\2.24.3\log4j-api-2.24.3.jar;C:\Users\rohitmalviya\.m2\repository\org\slf4j\jul-to-slf4j\2.0.17\jul-to-slf4j-2.0.17.jar;C:\Users\rohitmalviya\.m2\repository\org\yaml\snakeyaml\2.4\snakeyaml-2.4.jar;C:\Users\rohitmalviya\.m2\repository\org\springframework\boot\spring-boot-starter-json\3.5.3\spring-boot-starter-json-3.5.3.jar;C:\Users\rohitmalviya\.m2\repository\com\fasterxml\jackson\core\jackson-databind\2.19.1\jackson-databind-2.19.1.jar;C:\Users\rohitmalviya\.m2\repository\com\fasterxml\jackson\core\jackson-annotations\2.19.1\jackson-annotations-2.19.1.jar;C:\Users\rohitmalviya\.m2\repository\com\fasterxml\jackson\core\jackson-core\2.19.1\jackson-core-2.19.1.jar;C:\Users\rohitmalviya\.m2\repository\com\fasterxml\jackson\datatype\jackson-datatype-jdk8\2.19.1\jackson-datatype-jdk8-2.19.1.jar;C:\Users\rohitmalviya\.m2\repository\com\fasterxml\jackson\datatype\jackson-datatype-jsr310\2.19.1\jackson-datatype-jsr310-2.19.1.jar;C:\Users\rohitmalviya\.m2\repository\com\fasterxml\jackson\module\jackson-module-parameter-names\2.19.1\jackson-module-parameter-names-2.19.1.jar;C:\Users\rohitmalviya\.m2\repository\org\springframework\spring-webmvc\6.2.8\spring-webmvc-6.2.8.jar;C:\Users\rohitmalviya\.m2\repository\mysql\mysql-connector-java\8.0.28\mysql-connector-java-8.0.28.jar;C:\Users\rohitmalviya\.m2\repository\com\google\protobuf\protobuf-java\3.11.4\protobuf-java-3.11.4.jar;C:\Users\rohitmalviya\.m2\repository\org\postgresql\postgresql\42.7.2\postgresql-42.7.2.jar;C:\Users\rohitmalviya\.m2\repository\org\checkerframework\checker-qual\3.42.0\checker-qual-3.42.0.jar;C:\Users\rohitmalviya\.m2\repository\org\springframework\boot\spring-boot-starter-tomcat\3.5.3\spring-boot-starter-tomcat-3.5.3.jar;C:\Users\rohitmalviya\.m2\repository\jakarta\annotation\jakarta.annotation-api\2.1.1\jakarta.annotation-api-2.1.1.jar;C:\Users\rohitmalviya\.m2\repository\org\apache\tomcat\embed\tomcat-embed-core\10.1.42\tomcat-embed-core-10.1.42.jar;C:\Users\rohitmalviya\.m2\repository\org\apache\tomcat\embed\tomcat-embed-el\10.1.42\tomcat-embed-el-10.1.42.jar;C:\Users\rohitmalviya\.m2\repository\org\apache\tomcat\embed\tomcat-embed-websocket\10.1.42\tomcat-embed-websocket-10.1.42.jar;C:\Users\rohitmalviya\.m2\repository\org\springframework\boot\spring-boot-starter-data-jpa\3.5.3\spring-boot-starter-data-jpa-3.5.3.jar;C:\Users\rohitmalviya\.m2\repository\org\hibernate\orm\hibernate-core\6.6.18.Final\hibernate-core-6.6.18.Final.jar;C:\Users\rohitmalviya\.m2\repository\jakarta\transaction\jakarta.transaction-api\2.0.1\jakarta.transaction-api-2.0.1.jar;C:\Users\rohitmalviya\.m2\repository\org\jboss\logging\jboss-logging\3.6.1.Final\jboss-logging-3.6.1.Final.jar;C:\Users\rohitmalviya\.m2\repository\org\hibernate\common\hibernate-commons-annotations\7.0.3.Final\hibernate-commons-annotations-7.0.3.Final.jar;C:\Users\rohitmalviya\.m2\repository\io\smallrye\jandex\3.2.0\jandex-3.2.0.jar;C:\Users\rohitmalviya\.m2\repository\com\fasterxml\classmate\1.7.0\classmate-1.7.0.jar;C:\Users\rohitmalviya\.m2\repository\net\bytebuddy\byte-buddy\1.17.6\byte-buddy-1.17.6.jar;C:\Users\rohitmalviya\.m2\repository\org\glassfish\jaxb\jaxb-runtime\4.0.5\jaxb-runtime-4.0.5.jar;C:\Users\rohitmalviya\.m2\repository\org\glassfish\jaxb\jaxb-core\4.0.5\jaxb-core-4.0.5.jar;C:\Users\rohitmalviya\.m2\repository\org\eclipse\angus\angus-activation\2.0.2\angus-activation-2.0.2.jar;C:\Users\rohitmalviya\.m2\repository\org\glassfish\jaxb\txw2\4.0.5\txw2-4.0.5.jar;C:\Users\rohitmalviya\.m2\repository\com\sun\istack\istack-commons-runtime\4.1.2\istack-commons-runtime-4.1.2.jar;C:\Users\rohitmalviya\.m2\repository\jakarta\inject\jakarta.inject-api\2.0.1\jakarta.inject-api-2.0.1.jar;C:\Users\rohitmalviya\.m2\repository\org\antlr\antlr4-runtime\4.13.0\antlr4-runtime-4.13.0.jar;C:\Users\rohitmalviya\.m2\repository\org\springframework\data\spring-data-jpa\3.5.1\spring-data-jpa-3.5.1.jar;C:\Users\rohitmalviya\.m2\repository\org\springframework\spring-orm\6.2.8\spring-orm-6.2.8.jar;C:\Users\rohitmalviya\.m2\repository\org\springframework\spring-aspects\6.2.8\spring-aspects-6.2.8.jar;C:\Users\rohitmalviya\.m2\repository\org\aspectj\aspectjweaver\1.9.24\aspectjweaver-1.9.24.jar;C:\Users\rohitmalviya\.m2\repository\com\h2database\h2\2.3.232\h2-2.3.232.jar;C:\Users\rohitmalviya\.m2\repository\org\projectlombok\lombok\1.18.38\lombok-1.18.38.jar;C:\Users\rohitmalviya\.m2\repository\jakarta\persistence\jakarta.persistence-api\3.1.0\jakarta.persistence-api-3.1.0.jar;C:\Users\rohitmalviya\.m2\repository\org\springframework\boot\spring-boot-devtools\3.5.3\spring-boot-devtools-3.5.3.jar;C:\Users\rohitmalviya\.m2\repository\org\springframework\boot\spring-boot\3.5.3\spring-boot-3.5.3.jar;C:\Users\rohitmalviya\.m2\repository\org\springframework\boot\spring-boot-autoconfigure\3.5.3\spring-boot-autoconfigure-3.5.3.jar;C:\Users\rohitmalviya\.m2\repository\jakarta\xml\bind\jakarta.xml.bind-api\4.0.2\jakarta.xml.bind-api-4.0.2.jar;C:\Users\rohitmalviya\.m2\repository\jakarta\activation\jakarta.activation-api\2.1.3\jakarta.activation-api-2.1.3.jar;C:\Users\rohitmalviya\.m2\repository\com\squareup\okhttp3\okhttp\4.9.3\okhttp-4.9.3.jar;C:\Users\rohitmalviya\.m2\repository\com\squareup\okio\okio\2.8.0\okio-2.8.0.jar;C:\Users\rohitmalviya\.m2\repository\org\jetbrains\kotlin\kotlin-stdlib-common\1.9.25\kotlin-stdlib-common-1.9.25.jar;C:\Users\rohitmalviya\.m2\repository\org\jetbrains\kotlin\kotlin-stdlib\1.9.25\kotlin-stdlib-1.9.25.jar;C:\Users\rohitmalviya\.m2\repository\org\jetbrains\annotations\13.0\annotations-13.0.jar;C:\Users\rohitmalviya\.m2\repository\org\json\json\20230227\json-20230227.jar;C:\Users\rohitmalviya\.m2\repository\com\razorpay\razorpay-java\1.4.8\razorpay-java-1.4.8.jar;C:\Users\rohitmalviya\.m2\repository\com\squareup\okhttp3\logging-interceptor\3.10.0\logging-interceptor-3.10.0.jar;C:\Users\rohitmalviya\.m2\repository\commons-codec\commons-codec\1.18.0\commons-codec-1.18.0.jar;C:\Users\rohitmalviya\.m2\repository\org\apache\commons\commons-text\1.3\commons-text-1.3.jar;C:\Users\rohitmalviya\.m2\repository\org\apache\commons\commons-lang3\3.17.0\commons-lang3-3.17.0.jar
Launcher Type: SUN_STANDARD

[Global flags]
     intx CICompilerCount                          = 4                                         {product} {ergonomic}
     uint ConcGCThreads                            = 3                                         {product} {ergonomic}
     uint G1ConcRefinementThreads                  = 10                                        {product} {ergonomic}
   size_t G1HeapRegionSize                         = 2097152                                   {product} {ergonomic}
    uintx GCDrainStackTargetSize                   = 64                                        {product} {ergonomic}
   size_t InitialHeapSize                          = 266338304                                 {product} {ergonomic}
     bool ManagementServer                         = true                                      {product} {command line}
   size_t MarkStackSize                            = 4194304                                   {product} {ergonomic}
   size_t MaxHeapSize                              = 4234149888                                {product} {ergonomic}
   size_t MaxNewSize                               = 2539651072                                {product} {ergonomic}
   size_t MinHeapDeltaBytes                        = 2097152                                   {product} {ergonomic}
   size_t MinHeapSize                              = 8388608                                   {product} {ergonomic}
    uintx NonNMethodCodeHeapSize                   = 4096                                   {pd product} {ergonomic}
    uintx NonProfiledCodeHeapSize                  = 0                                      {pd product} {ergonomic}
     bool ProfileInterpreter                       = false                                  {pd product} {command line}
    uintx ProfiledCodeHeapSize                     = 0                                      {pd product} {ergonomic}
     bool ShowCodeDetailsInExceptionMessages       = true                                   {manageable} {command line}
   size_t SoftMaxHeapSize                          = 4234149888                             {manageable} {ergonomic}
     intx TieredStopAtLevel                        = 1                                         {product} {command line}
     bool UseCompressedOops                        = true                           {product lp64_product} {ergonomic}
     bool UseG1GC                                  = true                                      {product} {ergonomic}
     bool UseLargePagesIndividualAllocation        = false                                  {pd product} {ergonomic}

Logging:
Log output configuration:
 #0: stdout all=warning uptime,level,tags foldmultilines=false
 #1: stderr all=off uptime,level,tags foldmultilines=false

Environment Variables:
JAVA_HOME=C:\Program Files\Eclipse Adoptium\jdk-8.0.412.8-hotspot\
PATH=D:\sts-4.24.0.RELEASE\plugins\org.eclipse.justj.openjdk.hotspot.jre.full.win32.x86_64_21.0.3.v20240426-1530\jre\bin;D:/sts-4.24.0.RELEASE//plugins/org.eclipse.justj.openjdk.hotspot.jre.full.win32.x86_64_21.0.3.v20240426-1530/jre/bin/server;D:/sts-4.24.0.RELEASE//plugins/org.eclipse.justj.openjdk.hotspot.jre.full.win32.x86_64_21.0.3.v20240426-1530/jre/bin;C:\Users\rohitmalviya\Downloads\flutter_windows_3.27.1-stable\flutter\bin;C:\Program Files\Microsoft MPI\Bin\;C:\Program Files\Common Files\Oracle\Java\javapath;C:\Program Files (x86)\Common Files\Oracle\Java\java8path;C:\Program Files (x86)\Common Files\Oracle\Java\javapath;C:\Program Files\Eclipse Adoptium\jdk-8.0.412.8-hotspot\bin;C:\Windows\system32;C:\Windows;C:\Windows\System32\Wbem;C:\Windows\System32\WindowsPowerShell\v1.0\;C:\Windows\System32\OpenSSH\;C:\Program Files\TortoiseSVN\bin;C:\Program Files\dotnet\;C:\Program Files\Microsoft SQL Server\Client SDK\ODBC\170\Tools\Binn\;C:\Program Files (x86)\Microsoft SQL Server\150\Tools\Binn\;C:\Program Files\Microsoft SQL Server\150\Tools\Binn\;C:\Program Files\Microsoft SQL Server\150\DTS\Binn\;C:\Program Files\Microsoft VS Code\bin;C:\Program Files\nodejs\;C:\Program Files (x86)\IVI Foundation\VISA\WinNT\Bin\;C:\Program Files\IVI Foundation\VISA\Win64\Bin\;C:\Program Files (x86)\IVI Foundation\VISA\WinNT\Bin;C:\Program Files (x86)\Microsoft SQL Server\160\DTS\Binn\;C:\Program Files (x86)\Microsoft SQL Server\150\DTS\Binn\;C:\Program Files (x86)\Microsoft SQL Server\160\Tools\Binn\;C:\Program Files\Microsoft SQL Server\160\Tools\Binn\;C:\Program Files\Microsoft SQL Server\160\DTS\Binn\;C:\Program Files\Git\cmd;C:\Program Files\Microsoft SQL Server\120\Tools\Binn\;C:\Program Files\Microsoft SQL Server\Client SDK\ODBC\110\Tools\Binn\;C:\Program Files (x86)\Microsoft SQL Server\120\Tools\Binn\;C:\Program Files\Microsoft SQL Server\120\DTS\Binn\;D:\KafkaLab\kafka\bin\windows;;c:\Users\rohitmalviya\AppData\Local\Programs\cursor\resources\app\bin;C:\Users\rohitmalviya\AppData\Local\Programs\Python\Python312\Scripts\;C:\Users\rohitmalviya\AppData\Local\Programs\Python\Python312\;C:\Users\rohitmalviya\AppData\Local\Programs\Python\Launcher\;C:\Users\rohitmalviya\AppData\Local\Microsoft\WindowsApps;C:\Users\rohitmalviya\AppData\Roaming\npm;C:\Users\rohitmalviya\.dotnet\tools;C:\Users\rohitmalviya\Downloads\flutter_windows_3.27.1-stable\flutter\bin;D:\sts-4.24.0.RELEASE;
USERNAME=rohitmalviya
OS=Windows_NT
PROCESSOR_IDENTIFIER=Intel64 Family 6 Model 167 Stepping 1, GenuineIntel
TMP=C:\Users\ROHITM~1\AppData\Local\Temp
TEMP=C:\Users\ROHITM~1\AppData\Local\Temp




Periodic native trim disabled

---------------  S Y S T E M  ---------------

OS:
 Windows 11 , 64 bit Build 22621 (10.0.22621.3672)
OS uptime: 2 days 2:00 hours
Hyper-V role detected

CPU: total 12 (initial active 12) (6 cores per cpu, 2 threads per core) family 6 model 167 stepping 1 microcode 0x54, cx8, cmov, fxsr, ht, mmx, 3dnowpref, sse, sse2, sse3, ssse3, sse4.1, sse4.2, popcnt, lzcnt, tsc, tscinvbit, avx, avx2, aes, erms, clmul, bmi1, bmi2, adx, avx512f, avx512dq, avx512cd, avx512bw, avx512vl, sha, fma, vzeroupper, avx512_vpopcntdq, avx512_vpclmulqdq, avx512_vaes, avx512_vnni, clflush, clflushopt, avx512_vbmi2, avx512_vbmi, hv, rdtscp, rdpid, fsrm, gfni, avx512_bitalg, f16c, avx512_ifma
Processor Information for all 12 processors :
  Max Mhz: 2592, Current Mhz: 2592, Mhz Limit: 2592

Memory: 4k page, system-wide physical 16149M (1427M free)
TotalPageFile size 37832M (AvailPageFile size 5799M)
current process WorkingSet (physical memory assigned to process): 321M, peak: 341M
current process commit charge ("private bytes"): 356M, peak: 390M

vm_info: OpenJDK 64-Bit Server VM (21.0.3+9-LTS) for windows-amd64 JRE (21.0.3+9-LTS), built on 2024-04-16T00:00:00Z by "admin" with MS VC++ 17.7 (VS2022)

END.
